[0.838s] Invoking command in '/home/byc/ros2_ws/src/build/my_robot_controller': PYTHONPATH=/home/byc/ros2_ws/src/build/my_robot_controller/prefix_override:/home/byc/ros2_ws/src/install/my_robot_controller/lib/python3.8/site-packages:${PYTHONPATH} /usr/bin/python3 setup.py develop --editable --build-directory /home/byc/ros2_ws/src/build/my_robot_controller/build --no-deps install_data
[1.013s] /home/byc/.local/lib/python3.8/site-packages/setuptools/dist.py:717: UserWarning: Usage of dash-separated 'script-dir' will not be supported in future versions. Please use the underscore name 'script_dir' instead
[1.014s]   warnings.warn(
[1.051s] running develop
[1.144s] running egg_info
[1.145s] writing my_robot_controller.egg-info/PKG-INFO
[1.146s] writing dependency_links to my_robot_controller.egg-info/dependency_links.txt
[1.151s] writing entry points to my_robot_controller.egg-info/entry_points.txt
[1.153s] writing requirements to my_robot_controller.egg-info/requires.txt
[1.155s] writing top-level names to my_robot_controller.egg-info/top_level.txt
[1.160s] reading manifest file 'my_robot_controller.egg-info/SOURCES.txt'
[1.161s] writing manifest file 'my_robot_controller.egg-info/SOURCES.txt'
[1.188s] running build_ext
[1.189s] Creating /home/byc/ros2_ws/src/install/my_robot_controller/lib/python3.8/site-packages/my-robot-controller.egg-link (link to .)
[1.192s] Installing draw_circle script to /home/byc/ros2_ws/src/install/my_robot_controller/lib/my_robot_controller
[1.193s] Installing pose_subscriber script to /home/byc/ros2_ws/src/install/my_robot_controller/lib/my_robot_controller
[1.194s] Installing test_node script to /home/byc/ros2_ws/src/install/my_robot_controller/lib/my_robot_controller
[1.194s] Installing turtle_controller script to /home/byc/ros2_ws/src/install/my_robot_controller/lib/my_robot_controller
[1.195s] 
[1.196s] Installed /home/byc/ros2_ws/src/build/my_robot_controller
[1.196s] running install_data
[1.234s] Invoked command in '/home/byc/ros2_ws/src/build/my_robot_controller' returned '0': PYTHONPATH=/home/byc/ros2_ws/src/build/my_robot_controller/prefix_override:/home/byc/ros2_ws/src/install/my_robot_controller/lib/python3.8/site-packages:${PYTHONPATH} /usr/bin/python3 setup.py develop --editable --build-directory /home/byc/ros2_ws/src/build/my_robot_controller/build --no-deps install_data
