[26.735s] DEBUG:colcon:Command line arguments: ['/usr/bin/colcon', 'list', '-p', '--base-paths', '/home/dafx/ros2_ws']
[26.735s] DEBUG:colcon:Parsed command line arguments: Namespace(allow_overriding=[], base_paths=['/home/dafx/ros2_ws'], build_base='build', ignore_user_meta=False, log_base=None, log_level=None, main=<bound method ListVerb.main of <colcon_package_information.verb.list.ListVerb object at 0x7f4864b4b640>>, metas=['./colcon.meta'], names_only=False, packages_above=None, packages_above_and_dependencies=None, packages_above_depth=None, packages_end=None, packages_ignore=None, packages_ignore_regex=None, packages_select=None, packages_select_build_failed=False, packages_select_by_dep=None, packages_select_regex=None, packages_select_test_failures=False, packages_skip=None, packages_skip_build_finished=False, packages_skip_by_dep=None, packages_skip_regex=None, packages_skip_test_passed=False, packages_skip_up_to=None, packages_start=None, packages_up_to=None, packages_up_to_regex=None, paths=None, paths_only=True, topological_graph=False, topological_graph_density=False, topological_graph_dot=False, topological_graph_dot_cluster=False, topological_graph_dot_include_skipped=False, topological_graph_legend=False, topological_order=False, verb_extension=<colcon_package_information.verb.list.ListVerb object at 0x7f4864b4b640>, verb_name='list', verb_parser=<colcon_defaults.argument_parser.defaults.DefaultArgumentsDecorator object at 0x7f4864b54820>)
[27.609s] Level 1:colcon.colcon_core.package_discovery:discover_packages(colcon_meta) check parameters
[27.609s] Level 1:colcon.colcon_core.package_discovery:discover_packages(recursive) check parameters
[27.609s] Level 1:colcon.colcon_core.package_discovery:discover_packages(ignore) check parameters
[27.609s] Level 1:colcon.colcon_core.package_discovery:discover_packages(path) check parameters
[27.609s] Level 1:colcon.colcon_core.package_discovery:discover_packages(recursive) discover
[27.609s] INFO:colcon.colcon_core.package_discovery:Crawling recursively for packages in '/home/dafx/ros2_ws'
[27.609s] Level 1:colcon.colcon_core.package_identification:_identify(/home/dafx/ros2_ws) by extensions ['ignore', 'ignore_ament_install']
[27.609s] Level 1:colcon.colcon_core.package_identification:_identify(/home/dafx/ros2_ws) by extension 'ignore'
[27.610s] Level 1:colcon.colcon_core.package_identification:_identify(/home/dafx/ros2_ws) by extension 'ignore_ament_install'
[27.610s] Level 1:colcon.colcon_core.package_identification:_identify(/home/dafx/ros2_ws) by extensions ['colcon_pkg']
[27.610s] Level 1:colcon.colcon_core.package_identification:_identify(/home/dafx/ros2_ws) by extension 'colcon_pkg'
[27.610s] Level 1:colcon.colcon_core.package_identification:_identify(/home/dafx/ros2_ws) by extensions ['colcon_meta']
[27.610s] Level 1:colcon.colcon_core.package_identification:_identify(/home/dafx/ros2_ws) by extension 'colcon_meta'
[27.610s] Level 1:colcon.colcon_core.package_identification:_identify(/home/dafx/ros2_ws) by extensions ['ros']
[27.610s] Level 1:colcon.colcon_core.package_identification:_identify(/home/dafx/ros2_ws) by extension 'ros'
[27.987s] Level 1:colcon.colcon_core.package_identification:_identify(/home/dafx/ros2_ws) by extensions ['cmake', 'python']
[27.987s] Level 1:colcon.colcon_core.package_identification:_identify(/home/dafx/ros2_ws) by extension 'cmake'
[27.987s] Level 1:colcon.colcon_core.package_identification:_identify(/home/dafx/ros2_ws) by extension 'python'
[27.987s] Level 1:colcon.colcon_core.package_identification:_identify(/home/dafx/ros2_ws) by extensions ['python_setup_py']
[27.987s] Level 1:colcon.colcon_core.package_identification:_identify(/home/dafx/ros2_ws) by extension 'python_setup_py'
[28.028s] Level 1:colcon.colcon_core.package_identification:_identify(/home/dafx/ros2_ws/build) by extensions ['ignore', 'ignore_ament_install']
[28.028s] Level 1:colcon.colcon_core.package_identification:_identify(/home/dafx/ros2_ws/build) by extension 'ignore'
[28.029s] Level 1:colcon.colcon_core.package_identification:_identify(/home/dafx/ros2_ws/build) ignored
[28.029s] Level 1:colcon.colcon_core.package_identification:_identify(/home/dafx/ros2_ws/install) by extensions ['ignore', 'ignore_ament_install']
[28.029s] Level 1:colcon.colcon_core.package_identification:_identify(/home/dafx/ros2_ws/install) by extension 'ignore'
[28.029s] Level 1:colcon.colcon_core.package_identification:_identify(/home/dafx/ros2_ws/install) ignored
[28.030s] Level 1:colcon.colcon_core.package_identification:_identify(/home/dafx/ros2_ws/log) by extensions ['ignore', 'ignore_ament_install']
[28.030s] Level 1:colcon.colcon_core.package_identification:_identify(/home/dafx/ros2_ws/log) by extension 'ignore'
[28.030s] Level 1:colcon.colcon_core.package_identification:_identify(/home/dafx/ros2_ws/log) ignored
[28.030s] Level 1:colcon.colcon_core.package_identification:_identify(/home/dafx/ros2_ws/src) by extensions ['ignore', 'ignore_ament_install']
[28.034s] Level 1:colcon.colcon_core.package_identification:_identify(/home/dafx/ros2_ws/src) by extension 'ignore'
[28.034s] Level 1:colcon.colcon_core.package_identification:_identify(/home/dafx/ros2_ws/src) by extension 'ignore_ament_install'
[28.039s] Level 1:colcon.colcon_core.package_identification:_identify(/home/dafx/ros2_ws/src) by extensions ['colcon_pkg']
[28.039s] Level 1:colcon.colcon_core.package_identification:_identify(/home/dafx/ros2_ws/src) by extension 'colcon_pkg'
[28.044s] Level 1:colcon.colcon_core.package_identification:_identify(/home/dafx/ros2_ws/src) by extensions ['colcon_meta']
[28.045s] Level 1:colcon.colcon_core.package_identification:_identify(/home/dafx/ros2_ws/src) by extension 'colcon_meta'
[28.045s] Level 1:colcon.colcon_core.package_identification:_identify(/home/dafx/ros2_ws/src) by extensions ['ros']
[28.045s] Level 1:colcon.colcon_core.package_identification:_identify(/home/dafx/ros2_ws/src) by extension 'ros'
[28.045s] Level 1:colcon.colcon_core.package_identification:_identify(/home/dafx/ros2_ws/src) by extensions ['cmake', 'python']
[28.045s] Level 1:colcon.colcon_core.package_identification:_identify(/home/dafx/ros2_ws/src) by extension 'cmake'
[28.048s] Level 1:colcon.colcon_core.package_identification:_identify(/home/dafx/ros2_ws/src) by extension 'python'
[28.048s] Level 1:colcon.colcon_core.package_identification:_identify(/home/dafx/ros2_ws/src) by extensions ['python_setup_py']
[28.048s] Level 1:colcon.colcon_core.package_identification:_identify(/home/dafx/ros2_ws/src) by extension 'python_setup_py'
[28.058s] Level 1:colcon.colcon_core.package_identification:_identify(/home/dafx/ros2_ws/src/my_robot_controller) by extensions ['ignore', 'ignore_ament_install']
[28.059s] Level 1:colcon.colcon_core.package_identification:_identify(/home/dafx/ros2_ws/src/my_robot_controller) by extension 'ignore'
[28.059s] Level 1:colcon.colcon_core.package_identification:_identify(/home/dafx/ros2_ws/src/my_robot_controller) by extension 'ignore_ament_install'
[28.059s] Level 1:colcon.colcon_core.package_identification:_identify(/home/dafx/ros2_ws/src/my_robot_controller) by extensions ['colcon_pkg']
[28.059s] Level 1:colcon.colcon_core.package_identification:_identify(/home/dafx/ros2_ws/src/my_robot_controller) by extension 'colcon_pkg'
[28.059s] Level 1:colcon.colcon_core.package_identification:_identify(/home/dafx/ros2_ws/src/my_robot_controller) by extensions ['colcon_meta']
[28.059s] Level 1:colcon.colcon_core.package_identification:_identify(/home/dafx/ros2_ws/src/my_robot_controller) by extension 'colcon_meta'
[28.059s] Level 1:colcon.colcon_core.package_identification:_identify(/home/dafx/ros2_ws/src/my_robot_controller) by extensions ['ros']
[28.059s] Level 1:colcon.colcon_core.package_identification:_identify(/home/dafx/ros2_ws/src/my_robot_controller) by extension 'ros'
[28.063s] DEBUG:colcon.colcon_core.package_identification:Package '/home/dafx/ros2_ws/src/my_robot_controller' with type 'ros.ament_python' and name 'my_robot_controller'
[28.063s] Level 1:colcon.colcon_core.package_discovery:discover_packages(recursive) using defaults
