[2.289s] Invoking command in '/home/dafx/ros2_ws/src/my_robot_controller': PYTHONPATH=/home/dafx/ros2_ws/build/my_robot_controller/prefix_override:/home/dafx/ros2_ws/install/my_robot_controller/lib/python3.8/site-packages:${PYTHONPATH} /usr/bin/python3 setup.py egg_info --egg-base ../../build/my_robot_controller build --build-base /home/dafx/ros2_ws/build/my_robot_controller/build install --record /home/dafx/ros2_ws/build/my_robot_controller/install.log --install-scripts $base/lib/my_robot_controller --single-version-externally-managed
[2.664s] running egg_info
[2.664s] creating ../../build/my_robot_controller/my_robot_controller.egg-info
[2.664s] writing ../../build/my_robot_controller/my_robot_controller.egg-info/PKG-INFO
[2.666s] writing dependency_links to ../../build/my_robot_controller/my_robot_controller.egg-info/dependency_links.txt
[2.666s] writing entry points to ../../build/my_robot_controller/my_robot_controller.egg-info/entry_points.txt
[2.669s] writing requirements to ../../build/my_robot_controller/my_robot_controller.egg-info/requires.txt
[2.669s] writing top-level names to ../../build/my_robot_controller/my_robot_controller.egg-info/top_level.txt
[2.694s] writing manifest file '../../build/my_robot_controller/my_robot_controller.egg-info/SOURCES.txt'
[2.763s] reading manifest file '../../build/my_robot_controller/my_robot_controller.egg-info/SOURCES.txt'
[2.767s] writing manifest file '../../build/my_robot_controller/my_robot_controller.egg-info/SOURCES.txt'
[2.768s] running build
[2.769s] running build_py
[2.769s] creating /home/dafx/ros2_ws/build/my_robot_controller/build
[2.770s] creating /home/dafx/ros2_ws/build/my_robot_controller/build/lib
[2.771s] creating /home/dafx/ros2_ws/build/my_robot_controller/build/lib/my_robot_controller
[2.771s] copying my_robot_controller/__init__.py -> /home/dafx/ros2_ws/build/my_robot_controller/build/lib/my_robot_controller
[2.771s] running install
[2.772s] running install_lib
[2.774s] creating /home/dafx/ros2_ws/install/my_robot_controller/lib/python3.8/site-packages/my_robot_controller
[2.774s] copying /home/dafx/ros2_ws/build/my_robot_controller/build/lib/my_robot_controller/__init__.py -> /home/dafx/ros2_ws/install/my_robot_controller/lib/python3.8/site-packages/my_robot_controller
[2.775s] byte-compiling /home/dafx/ros2_ws/install/my_robot_controller/lib/python3.8/site-packages/my_robot_controller/__init__.py to __init__.cpython-38.pyc
[2.778s] running install_data
[2.780s] creating /home/dafx/ros2_ws/install/my_robot_controller/share/ament_index
[2.780s] creating /home/dafx/ros2_ws/install/my_robot_controller/share/ament_index/resource_index
[2.780s] creating /home/dafx/ros2_ws/install/my_robot_controller/share/ament_index/resource_index/packages
[2.780s] copying resource/my_robot_controller -> /home/dafx/ros2_ws/install/my_robot_controller/share/ament_index/resource_index/packages
[2.781s] copying package.xml -> /home/dafx/ros2_ws/install/my_robot_controller/share/my_robot_controller
[2.781s] running install_egg_info
[2.783s] Copying ../../build/my_robot_controller/my_robot_controller.egg-info to /home/dafx/ros2_ws/install/my_robot_controller/lib/python3.8/site-packages/my_robot_controller-0.0.0-py3.8.egg-info
[2.785s] running install_scripts
[2.818s] writing list of installed files to '/home/dafx/ros2_ws/build/my_robot_controller/install.log'
[2.851s] Invoked command in '/home/dafx/ros2_ws/src/my_robot_controller' returned '0': PYTHONPATH=/home/dafx/ros2_ws/build/my_robot_controller/prefix_override:/home/dafx/ros2_ws/install/my_robot_controller/lib/python3.8/site-packages:${PYTHONPATH} /usr/bin/python3 setup.py egg_info --egg-base ../../build/my_robot_controller build --build-base /home/dafx/ros2_ws/build/my_robot_controller/build install --record /home/dafx/ros2_ws/build/my_robot_controller/install.log --install-scripts $base/lib/my_robot_controller --single-version-externally-managed
