[0.786s] Invoking command in '/home/byc/ros2_ws/build/my_robot_controller': PYTHONPATH=/home/byc/ros2_ws/build/my_robot_controller/prefix_override:/home/byc/ros2_ws/install/my_robot_controller/lib/python3.8/site-packages:${PYTHONPATH} /usr/bin/python3 setup.py develop --editable --build-directory /home/byc/ros2_ws/build/my_robot_controller/build --no-deps install_data
[0.946s] /home/byc/.local/lib/python3.8/site-packages/setuptools/dist.py:717: UserWarning: Usage of dash-separated 'script-dir' will not be supported in future versions. Please use the underscore name 'script_dir' instead
[0.946s]   warnings.warn(
[0.987s] running develop
[1.082s] running egg_info
[1.082s] writing my_robot_controller.egg-info/PKG-INFO
[1.082s] writing dependency_links to my_robot_controller.egg-info/dependency_links.txt
[1.083s] writing entry points to my_robot_controller.egg-info/entry_points.txt
[1.083s] writing requirements to my_robot_controller.egg-info/requires.txt
[1.084s] writing top-level names to my_robot_controller.egg-info/top_level.txt
[1.086s] reading manifest file 'my_robot_controller.egg-info/SOURCES.txt'
[1.093s] writing manifest file 'my_robot_controller.egg-info/SOURCES.txt'
[1.117s] running build_ext
[1.119s] Creating /home/byc/ros2_ws/install/my_robot_controller/lib/python3.8/site-packages/my-robot-controller.egg-link (link to .)
[1.122s] Installing draw_circle script to /home/byc/ros2_ws/install/my_robot_controller/lib/my_robot_controller
[1.122s] Installing pose_subscriber script to /home/byc/ros2_ws/install/my_robot_controller/lib/my_robot_controller
[1.122s] Installing test_node script to /home/byc/ros2_ws/install/my_robot_controller/lib/my_robot_controller
[1.122s] Installing turtle_controller script to /home/byc/ros2_ws/install/my_robot_controller/lib/my_robot_controller
[1.122s] 
[1.122s] Installed /home/byc/ros2_ws/build/my_robot_controller
[1.122s] running install_data
[1.148s] Invoked command in '/home/byc/ros2_ws/build/my_robot_controller' returned '0': PYTHONPATH=/home/byc/ros2_ws/build/my_robot_controller/prefix_override:/home/byc/ros2_ws/install/my_robot_controller/lib/python3.8/site-packages:${PYTHONPATH} /usr/bin/python3 setup.py develop --editable --build-directory /home/byc/ros2_ws/build/my_robot_controller/build --no-deps install_data
