[0.777s] Invoking command in '/home/dafx/ros2_ws/src/my_robot_controller': PYTHONPATH=/home/dafx/ros2_ws/build/my_robot_controller/prefix_override:/home/dafx/ros2_ws/install/my_robot_controller/lib/python3.8/site-packages:${PYTHONPATH} /usr/bin/python3 setup.py egg_info --egg-base ../../build/my_robot_controller build --build-base /home/dafx/ros2_ws/build/my_robot_controller/build install --record /home/dafx/ros2_ws/build/my_robot_controller/install.log --install-scripts $base/lib/my_robot_controller --single-version-externally-managed
[0.925s] /home/dafx/.local/lib/python3.8/site-packages/setuptools/dist.py:717: UserWarning: Usage of dash-separated 'script-dir' will not be supported in future versions. Please use the underscore name 'script_dir' instead
[0.925s]   warnings.warn(
[0.947s] running egg_info
[0.948s] writing ../../build/my_robot_controller/my_robot_controller.egg-info/PKG-INFO
[0.948s] writing dependency_links to ../../build/my_robot_controller/my_robot_controller.egg-info/dependency_links.txt
[0.948s] writing entry points to ../../build/my_robot_controller/my_robot_controller.egg-info/entry_points.txt
[0.948s] writing requirements to ../../build/my_robot_controller/my_robot_controller.egg-info/requires.txt
[0.948s] writing top-level names to ../../build/my_robot_controller/my_robot_controller.egg-info/top_level.txt
[0.952s] reading manifest file '../../build/my_robot_controller/my_robot_controller.egg-info/SOURCES.txt'
[0.953s] writing manifest file '../../build/my_robot_controller/my_robot_controller.egg-info/SOURCES.txt'
[0.953s] running build
[0.953s] running build_py
[0.954s] copying my_robot_controller/my_first_node.py -> /home/dafx/ros2_ws/build/my_robot_controller/build/lib/my_robot_controller
[0.954s] running install
[0.954s] running install_lib
[0.955s] copying /home/dafx/ros2_ws/build/my_robot_controller/build/lib/my_robot_controller/my_first_node.py -> /home/dafx/ros2_ws/install/my_robot_controller/lib/python3.8/site-packages/my_robot_controller
[0.955s] byte-compiling /home/dafx/ros2_ws/install/my_robot_controller/lib/python3.8/site-packages/my_robot_controller/my_first_node.py to my_first_node.cpython-38.pyc
[0.956s] running install_data
[0.956s] running install_egg_info
[0.957s] removing '/home/dafx/ros2_ws/install/my_robot_controller/lib/python3.8/site-packages/my_robot_controller-0.0.0-py3.8.egg-info' (and everything under it)
[0.957s] Copying ../../build/my_robot_controller/my_robot_controller.egg-info to /home/dafx/ros2_ws/install/my_robot_controller/lib/python3.8/site-packages/my_robot_controller-0.0.0-py3.8.egg-info
[0.959s] running install_scripts
[0.973s] Installing test_node script to /home/dafx/ros2_ws/install/my_robot_controller/lib/my_robot_controller
[0.973s] writing list of installed files to '/home/dafx/ros2_ws/build/my_robot_controller/install.log'
[0.990s] Invoked command in '/home/dafx/ros2_ws/src/my_robot_controller' returned '0': PYTHONPATH=/home/dafx/ros2_ws/build/my_robot_controller/prefix_override:/home/dafx/ros2_ws/install/my_robot_controller/lib/python3.8/site-packages:${PYTHONPATH} /usr/bin/python3 setup.py egg_info --egg-base ../../build/my_robot_controller build --build-base /home/dafx/ros2_ws/build/my_robot_controller/build install --record /home/dafx/ros2_ws/build/my_robot_controller/install.log --install-scripts $base/lib/my_robot_controller --single-version-externally-managed
