[4.958s] DEBUG:colcon:Command line arguments: ['/usr/bin/colcon', 'build', '--symlink-install']
[4.959s] DEBUG:colcon:Parsed command line arguments: Namespace(allow_overriding=[], ament_cmake_args=None, base_paths=['.'], build_base='build', catkin_cmake_args=None, catkin_skip_building_tests=False, cmake_args=None, cmake_clean_cache=False, cmake_clean_first=False, cmake_force_configure=False, cmake_target=None, cmake_target_skip_unavailable=False, continue_on_error=False, event_handlers=None, executor='parallel', ignore_user_meta=False, install_base='install', log_base=None, log_level=None, main=<bound method BuildVerb.main of <colcon_core.verb.build.BuildVerb object at 0x7f99ab01c8e0>>, merge_install=False, metas=['./colcon.meta'], packages_above=None, packages_above_and_dependencies=None, packages_above_depth=None, packages_end=None, packages_ignore=None, packages_ignore_regex=None, packages_select=None, packages_select_build_failed=False, packages_select_by_dep=None, packages_select_regex=None, packages_select_test_failures=False, packages_skip=None, packages_skip_build_finished=False, packages_skip_by_dep=None, packages_skip_regex=None, packages_skip_test_passed=False, packages_skip_up_to=None, packages_start=None, packages_up_to=None, packages_up_to_regex=None, parallel_workers=2, paths=None, symlink_install=True, test_result_base=None, verb_extension=<colcon_core.verb.build.BuildVerb object at 0x7f99ab01c8e0>, verb_name='build', verb_parser=<colcon_defaults.argument_parser.defaults.DefaultArgumentsDecorator object at 0x7f99ab0208b0>)
[5.243s] Level 1:colcon.colcon_core.package_discovery:discover_packages(colcon_meta) check parameters
[5.243s] Level 1:colcon.colcon_core.package_discovery:discover_packages(recursive) check parameters
[5.245s] Level 1:colcon.colcon_core.package_discovery:discover_packages(ignore) check parameters
[5.246s] Level 1:colcon.colcon_core.package_discovery:discover_packages(path) check parameters
[5.246s] Level 1:colcon.colcon_core.package_discovery:discover_packages(colcon_meta) discover
[5.247s] Level 1:colcon.colcon_core.package_discovery:discover_packages(recursive) discover
[5.247s] INFO:colcon.colcon_core.package_discovery:Crawling recursively for packages in '/home/dafx/ros2_ws'
[5.247s] Level 1:colcon.colcon_core.package_identification:_identify(.) by extensions ['ignore', 'ignore_ament_install']
[5.248s] Level 1:colcon.colcon_core.package_identification:_identify(.) by extension 'ignore'
[5.250s] Level 1:colcon.colcon_core.package_identification:_identify(.) by extension 'ignore_ament_install'
[5.250s] Level 1:colcon.colcon_core.package_identification:_identify(.) by extensions ['colcon_pkg']
[5.250s] Level 1:colcon.colcon_core.package_identification:_identify(.) by extension 'colcon_pkg'
[5.250s] Level 1:colcon.colcon_core.package_identification:_identify(.) by extensions ['colcon_meta']
[5.250s] Level 1:colcon.colcon_core.package_identification:_identify(.) by extension 'colcon_meta'
[5.250s] Level 1:colcon.colcon_core.package_identification:_identify(.) by extensions ['ros']
[5.250s] Level 1:colcon.colcon_core.package_identification:_identify(.) by extension 'ros'
[5.270s] Level 1:colcon.colcon_core.package_identification:_identify(.) by extensions ['cmake', 'python']
[5.270s] Level 1:colcon.colcon_core.package_identification:_identify(.) by extension 'cmake'
[5.270s] Level 1:colcon.colcon_core.package_identification:_identify(.) by extension 'python'
[5.270s] Level 1:colcon.colcon_core.package_identification:_identify(.) by extensions ['python_setup_py']
[5.270s] Level 1:colcon.colcon_core.package_identification:_identify(.) by extension 'python_setup_py'
[5.270s] Level 1:colcon.colcon_core.package_identification:_identify(build) by extensions ['ignore', 'ignore_ament_install']
[5.271s] Level 1:colcon.colcon_core.package_identification:_identify(build) by extension 'ignore'
[5.271s] Level 1:colcon.colcon_core.package_identification:_identify(build) ignored
[5.271s] Level 1:colcon.colcon_core.package_identification:_identify(install) by extensions ['ignore', 'ignore_ament_install']
[5.271s] Level 1:colcon.colcon_core.package_identification:_identify(install) by extension 'ignore'
[5.271s] Level 1:colcon.colcon_core.package_identification:_identify(install) ignored
[5.272s] Level 1:colcon.colcon_core.package_identification:_identify(log) by extensions ['ignore', 'ignore_ament_install']
[5.272s] Level 1:colcon.colcon_core.package_identification:_identify(log) by extension 'ignore'
[5.272s] Level 1:colcon.colcon_core.package_identification:_identify(log) ignored
[5.272s] Level 1:colcon.colcon_core.package_identification:_identify(src) by extensions ['ignore', 'ignore_ament_install']
[5.272s] Level 1:colcon.colcon_core.package_identification:_identify(src) by extension 'ignore'
[5.272s] Level 1:colcon.colcon_core.package_identification:_identify(src) by extension 'ignore_ament_install'
[5.272s] Level 1:colcon.colcon_core.package_identification:_identify(src) by extensions ['colcon_pkg']
[5.272s] Level 1:colcon.colcon_core.package_identification:_identify(src) by extension 'colcon_pkg'
[5.272s] Level 1:colcon.colcon_core.package_identification:_identify(src) by extensions ['colcon_meta']
[5.272s] Level 1:colcon.colcon_core.package_identification:_identify(src) by extension 'colcon_meta'
[5.273s] Level 1:colcon.colcon_core.package_identification:_identify(src) by extensions ['ros']
[5.273s] Level 1:colcon.colcon_core.package_identification:_identify(src) by extension 'ros'
[5.273s] Level 1:colcon.colcon_core.package_identification:_identify(src) by extensions ['cmake', 'python']
[5.273s] Level 1:colcon.colcon_core.package_identification:_identify(src) by extension 'cmake'
[5.273s] Level 1:colcon.colcon_core.package_identification:_identify(src) by extension 'python'
[5.273s] Level 1:colcon.colcon_core.package_identification:_identify(src) by extensions ['python_setup_py']
[5.274s] Level 1:colcon.colcon_core.package_identification:_identify(src) by extension 'python_setup_py'
[5.274s] Level 1:colcon.colcon_core.package_identification:_identify(src/my_robot_controller) by extensions ['ignore', 'ignore_ament_install']
[5.274s] Level 1:colcon.colcon_core.package_identification:_identify(src/my_robot_controller) by extension 'ignore'
[5.274s] Level 1:colcon.colcon_core.package_identification:_identify(src/my_robot_controller) by extension 'ignore_ament_install'
[5.274s] Level 1:colcon.colcon_core.package_identification:_identify(src/my_robot_controller) by extensions ['colcon_pkg']
[5.274s] Level 1:colcon.colcon_core.package_identification:_identify(src/my_robot_controller) by extension 'colcon_pkg'
[5.274s] Level 1:colcon.colcon_core.package_identification:_identify(src/my_robot_controller) by extensions ['colcon_meta']
[5.274s] Level 1:colcon.colcon_core.package_identification:_identify(src/my_robot_controller) by extension 'colcon_meta'
[5.275s] Level 1:colcon.colcon_core.package_identification:_identify(src/my_robot_controller) by extensions ['ros']
[5.275s] Level 1:colcon.colcon_core.package_identification:_identify(src/my_robot_controller) by extension 'ros'
[5.281s] DEBUG:colcon.colcon_core.package_identification:Package 'src/my_robot_controller' with type 'ros.ament_python' and name 'my_robot_controller'
[5.281s] Level 1:colcon.colcon_core.package_discovery:discover_packages(recursive) using defaults
[5.281s] Level 1:colcon.colcon_core.package_discovery:discover_packages(ignore) discover
[5.281s] Level 1:colcon.colcon_core.package_discovery:discover_packages(ignore) using defaults
[5.281s] Level 1:colcon.colcon_core.package_discovery:discover_packages(path) discover
[5.281s] Level 1:colcon.colcon_core.package_discovery:discover_packages(path) using defaults
[5.727s] Level 1:colcon.colcon_core.package_discovery:discover_packages(prefix_path) check parameters
[5.727s] Level 1:colcon.colcon_core.package_discovery:discover_packages(prefix_path) discover
[5.987s] DEBUG:colcon.colcon_installed_package_information.package_discovery:Found 1 installed packages in /home/dafx/ros2_ws/install
[6.082s] DEBUG:colcon.colcon_installed_package_information.package_discovery:Found 256 installed packages in /opt/ros/foxy
[6.105s] Level 1:colcon.colcon_core.package_discovery:discover_packages(prefix_path) using defaults
[6.840s] Level 5:colcon.colcon_core.verb:set package 'my_robot_controller' build argument 'cmake_args' from command line to 'None'
[6.840s] Level 5:colcon.colcon_core.verb:set package 'my_robot_controller' build argument 'cmake_target' from command line to 'None'
[6.840s] Level 5:colcon.colcon_core.verb:set package 'my_robot_controller' build argument 'cmake_target_skip_unavailable' from command line to 'False'
[6.841s] Level 5:colcon.colcon_core.verb:set package 'my_robot_controller' build argument 'cmake_clean_cache' from command line to 'False'
[6.841s] Level 5:colcon.colcon_core.verb:set package 'my_robot_controller' build argument 'cmake_clean_first' from command line to 'False'
[6.841s] Level 5:colcon.colcon_core.verb:set package 'my_robot_controller' build argument 'cmake_force_configure' from command line to 'False'
[6.841s] Level 5:colcon.colcon_core.verb:set package 'my_robot_controller' build argument 'ament_cmake_args' from command line to 'None'
[6.841s] Level 5:colcon.colcon_core.verb:set package 'my_robot_controller' build argument 'catkin_cmake_args' from command line to 'None'
[6.841s] Level 5:colcon.colcon_core.verb:set package 'my_robot_controller' build argument 'catkin_skip_building_tests' from command line to 'False'
[6.841s] DEBUG:colcon.colcon_core.verb:Building package 'my_robot_controller' with the following arguments: {'ament_cmake_args': None, 'build_base': '/home/dafx/ros2_ws/build/my_robot_controller', 'catkin_cmake_args': None, 'catkin_skip_building_tests': False, 'cmake_args': None, 'cmake_clean_cache': False, 'cmake_clean_first': False, 'cmake_force_configure': False, 'cmake_target': None, 'cmake_target_skip_unavailable': False, 'install_base': '/home/dafx/ros2_ws/install/my_robot_controller', 'merge_install': False, 'path': '/home/dafx/ros2_ws/src/my_robot_controller', 'symlink_install': True, 'test_result_base': None}
[7.002s] INFO:colcon.colcon_core.executor:Executing jobs using 'parallel' executor
[7.137s] DEBUG:colcon.colcon_parallel_executor.executor.parallel:run_until_complete
[7.139s] INFO:colcon.colcon_ros.task.ament_python.build:Building ROS package in '/home/dafx/ros2_ws/src/my_robot_controller' with build type 'ament_python'
[7.143s] Level 1:colcon.colcon_core.shell:create_environment_hook('my_robot_controller', 'ament_prefix_path')
[7.368s] INFO:colcon.colcon_core.plugin_system:Skipping extension 'colcon_core.shell.bat': Not used on non-Windows systems
[7.369s] INFO:colcon.colcon_core.shell:Creating environment hook '/home/dafx/ros2_ws/install/my_robot_controller/share/my_robot_controller/hook/ament_prefix_path.ps1'
[7.373s] INFO:colcon.colcon_core.shell:Creating environment descriptor '/home/dafx/ros2_ws/install/my_robot_controller/share/my_robot_controller/hook/ament_prefix_path.dsv'
[7.376s] INFO:colcon.colcon_core.shell:Creating environment hook '/home/dafx/ros2_ws/install/my_robot_controller/share/my_robot_controller/hook/ament_prefix_path.sh'
[7.528s] INFO:colcon.colcon_core.shell:Skip shell extension 'powershell' for command environment: Not usable outside of PowerShell
[7.529s] DEBUG:colcon.colcon_core.shell:Skip shell extension 'dsv' for command environment
[8.614s] INFO:colcon.colcon_core.task.python.build:Building Python package in '/home/dafx/ros2_ws/src/my_robot_controller'
[8.745s] INFO:colcon.colcon_core.shell:Skip shell extension 'powershell' for command environment: Not usable outside of PowerShell
[8.746s] DEBUG:colcon.colcon_core.shell:Skip shell extension 'dsv' for command environment
[10.264s] DEBUG:colcon.colcon_core.task.python.build:While undoing a previous installation files outside the Python library path are being ignored: /home/dafx/ros2_ws/install/my_robot_controller/share/ament_index/resource_index/packages/my_robot_controller
[10.265s] DEBUG:colcon.colcon_core.task.python.build:While undoing a previous installation files outside the Python library path are being ignored: /home/dafx/ros2_ws/install/my_robot_controller/share/my_robot_controller/package.xml
[10.265s] DEBUG:colcon.colcon_core.task.python.build:While undoing a previous installation files outside the Python library path are being ignored: /home/dafx/ros2_ws/install/my_robot_controller/lib/my_robot_controller/test_node
[10.280s] DEBUG:colcon.colcon_core.event_handler.log_command:Invoking command in '/home/dafx/ros2_ws/build/my_robot_controller': PYTHONPATH=/home/dafx/ros2_ws/build/my_robot_controller/prefix_override:/home/dafx/ros2_ws/install/my_robot_controller/lib/python3.8/site-packages:${PYTHONPATH} /usr/bin/python3 setup.py develop --editable --build-directory /home/dafx/ros2_ws/build/my_robot_controller/build --no-deps install_data
[11.374s] Level 1:colcon.colcon_core.shell:create_environment_hook('my_robot_controller', 'pythonpath_develop')
[11.390s] DEBUG:colcon.colcon_core.event_handler.log_command:Invoked command in '/home/dafx/ros2_ws/build/my_robot_controller' returned '0': PYTHONPATH=/home/dafx/ros2_ws/build/my_robot_controller/prefix_override:/home/dafx/ros2_ws/install/my_robot_controller/lib/python3.8/site-packages:${PYTHONPATH} /usr/bin/python3 setup.py develop --editable --build-directory /home/dafx/ros2_ws/build/my_robot_controller/build --no-deps install_data
[11.460s] INFO:colcon.colcon_core.shell:Creating environment hook '/home/dafx/ros2_ws/build/my_robot_controller/share/my_robot_controller/hook/pythonpath_develop.ps1'
[11.471s] INFO:colcon.colcon_core.shell:Creating environment descriptor '/home/dafx/ros2_ws/build/my_robot_controller/share/my_robot_controller/hook/pythonpath_develop.dsv'
[11.472s] INFO:colcon.colcon_core.shell:Creating environment hook '/home/dafx/ros2_ws/build/my_robot_controller/share/my_robot_controller/hook/pythonpath_develop.sh'
[11.597s] Level 1:colcon.colcon_core.environment:checking '/home/dafx/ros2_ws/install/my_robot_controller' for CMake module files
[11.599s] Level 1:colcon.colcon_core.environment:checking '/home/dafx/ros2_ws/install/my_robot_controller' for CMake config files
[11.602s] Level 1:colcon.colcon_core.environment:checking '/home/dafx/ros2_ws/install/my_robot_controller/lib'
[11.603s] Level 1:colcon.colcon_core.environment:checking '/home/dafx/ros2_ws/install/my_robot_controller/bin'
[11.604s] Level 1:colcon.colcon_core.environment:checking '/home/dafx/ros2_ws/install/my_robot_controller/lib/pkgconfig/my_robot_controller.pc'
[11.605s] Level 1:colcon.colcon_core.environment:checking '/home/dafx/ros2_ws/install/my_robot_controller/lib/python3.8/site-packages'
[11.605s] Level 1:colcon.colcon_core.shell:create_environment_hook('my_robot_controller', 'pythonpath')
[11.672s] INFO:colcon.colcon_core.shell:Creating environment hook '/home/dafx/ros2_ws/install/my_robot_controller/share/my_robot_controller/hook/pythonpath.ps1'
[11.675s] INFO:colcon.colcon_core.shell:Creating environment descriptor '/home/dafx/ros2_ws/install/my_robot_controller/share/my_robot_controller/hook/pythonpath.dsv'
[11.683s] INFO:colcon.colcon_core.shell:Creating environment hook '/home/dafx/ros2_ws/install/my_robot_controller/share/my_robot_controller/hook/pythonpath.sh'
[11.685s] Level 1:colcon.colcon_core.environment:checking '/home/dafx/ros2_ws/install/my_robot_controller/bin'
[11.686s] Level 1:colcon.colcon_core.environment:create_environment_scripts_only(my_robot_controller)
[11.750s] INFO:colcon.colcon_core.shell:Creating package script '/home/dafx/ros2_ws/install/my_robot_controller/share/my_robot_controller/package.ps1'
[11.764s] INFO:colcon.colcon_core.shell:Creating package descriptor '/home/dafx/ros2_ws/install/my_robot_controller/share/my_robot_controller/package.dsv'
[11.768s] INFO:colcon.colcon_core.shell:Creating package script '/home/dafx/ros2_ws/install/my_robot_controller/share/my_robot_controller/package.sh'
[11.772s] INFO:colcon.colcon_core.shell:Creating package script '/home/dafx/ros2_ws/install/my_robot_controller/share/my_robot_controller/package.bash'
[11.776s] INFO:colcon.colcon_core.shell:Creating package script '/home/dafx/ros2_ws/install/my_robot_controller/share/my_robot_controller/package.zsh'
[11.779s] Level 1:colcon.colcon_core.environment:create_file_with_runtime_dependencies(/home/dafx/ros2_ws/install/my_robot_controller/share/colcon-core/packages/my_robot_controller)
[11.781s] DEBUG:colcon.colcon_parallel_executor.executor.parallel:closing loop
[11.783s] DEBUG:colcon.colcon_parallel_executor.executor.parallel:loop closed
[11.783s] DEBUG:colcon.colcon_parallel_executor.executor.parallel:run_until_complete finished with '0'
[11.783s] DEBUG:colcon.colcon_core.event_reactor:joining thread
[11.927s] INFO:colcon.colcon_core.plugin_system:Skipping extension 'colcon_notification.desktop_notification.terminal_notifier': Not used on non-Darwin systems
[11.927s] INFO:colcon.colcon_core.plugin_system:Skipping extension 'colcon_notification.desktop_notification.win32': Not used on non-Windows systems
[11.927s] INFO:colcon.colcon_notification.desktop_notification:Sending desktop notification using 'notify2'
[11.985s] DEBUG:colcon.colcon_core.event_reactor:joined thread
[12.057s] INFO:colcon.colcon_core.shell:Creating prefix script '/home/dafx/ros2_ws/install/local_setup.ps1'
[12.062s] INFO:colcon.colcon_core.shell:Creating prefix util module '/home/dafx/ros2_ws/install/_local_setup_util_ps1.py'
[12.068s] INFO:colcon.colcon_core.shell:Creating prefix chain script '/home/dafx/ros2_ws/install/setup.ps1'
[12.144s] INFO:colcon.colcon_core.shell:Creating prefix script '/home/dafx/ros2_ws/install/local_setup.sh'
[12.151s] INFO:colcon.colcon_core.shell:Creating prefix util module '/home/dafx/ros2_ws/install/_local_setup_util_sh.py'
[12.155s] INFO:colcon.colcon_core.shell:Creating prefix chain script '/home/dafx/ros2_ws/install/setup.sh'
[12.263s] INFO:colcon.colcon_core.shell:Creating prefix script '/home/dafx/ros2_ws/install/local_setup.bash'
[12.267s] INFO:colcon.colcon_core.shell:Creating prefix chain script '/home/dafx/ros2_ws/install/setup.bash'
[12.351s] INFO:colcon.colcon_core.shell:Creating prefix script '/home/dafx/ros2_ws/install/local_setup.zsh'
[12.354s] INFO:colcon.colcon_core.shell:Creating prefix chain script '/home/dafx/ros2_ws/install/setup.zsh'
