[3.742s] Invoking command in '/home/dafx/ros2_ws/src/my_robot_controller': PYTHONPATH=/home/dafx/ros2_ws/build/my_robot_controller/prefix_override:/home/dafx/ros2_ws/install/my_robot_controller/lib/python3.8/site-packages:${PYTHONPATH} /usr/bin/python3 setup.py egg_info --egg-base ../../build/my_robot_controller build --build-base /home/dafx/ros2_ws/build/my_robot_controller/build install --record /home/dafx/ros2_ws/build/my_robot_controller/install.log --install-scripts $base/lib/my_robot_controller --single-version-externally-managed
[4.322s] running egg_info
[4.323s] writing ../../build/my_robot_controller/my_robot_controller.egg-info/PKG-INFO
[4.330s] writing dependency_links to ../../build/my_robot_controller/my_robot_controller.egg-info/dependency_links.txt
[4.330s] writing entry points to ../../build/my_robot_controller/my_robot_controller.egg-info/entry_points.txt
[4.333s] writing requirements to ../../build/my_robot_controller/my_robot_controller.egg-info/requires.txt
[4.333s] writing top-level names to ../../build/my_robot_controller/my_robot_controller.egg-info/top_level.txt
[4.586s] reading manifest file '../../build/my_robot_controller/my_robot_controller.egg-info/SOURCES.txt'
[4.595s] writing manifest file '../../build/my_robot_controller/my_robot_controller.egg-info/SOURCES.txt'
[4.596s] running build
[4.596s] running build_py
[4.649s] copying my_robot_controller/my_first_node.py -> /home/dafx/ros2_ws/build/my_robot_controller/build/lib/my_robot_controller
[4.651s] running install
[4.659s] running install_lib
[4.662s] copying /home/dafx/ros2_ws/build/my_robot_controller/build/lib/my_robot_controller/my_first_node.py -> /home/dafx/ros2_ws/install/my_robot_controller/lib/python3.8/site-packages/my_robot_controller
[4.666s] byte-compiling /home/dafx/ros2_ws/install/my_robot_controller/lib/python3.8/site-packages/my_robot_controller/my_first_node.py to my_first_node.cpython-38.pyc
[4.674s] running install_data
[4.676s] running install_egg_info
[4.683s] removing '/home/dafx/ros2_ws/install/my_robot_controller/lib/python3.8/site-packages/my_robot_controller-0.0.0-py3.8.egg-info' (and everything under it)
[4.693s] Copying ../../build/my_robot_controller/my_robot_controller.egg-info to /home/dafx/ros2_ws/install/my_robot_controller/lib/python3.8/site-packages/my_robot_controller-0.0.0-py3.8.egg-info
[4.706s] running install_scripts
[4.775s] Installing test_node script to /home/dafx/ros2_ws/install/my_robot_controller/lib/my_robot_controller
[4.778s] writing list of installed files to '/home/dafx/ros2_ws/build/my_robot_controller/install.log'
[5.038s] Invoked command in '/home/dafx/ros2_ws/src/my_robot_controller' returned '0': PYTHONPATH=/home/dafx/ros2_ws/build/my_robot_controller/prefix_override:/home/dafx/ros2_ws/install/my_robot_controller/lib/python3.8/site-packages:${PYTHONPATH} /usr/bin/python3 setup.py egg_info --egg-base ../../build/my_robot_controller build --build-base /home/dafx/ros2_ws/build/my_robot_controller/build install --record /home/dafx/ros2_ws/build/my_robot_controller/install.log --install-scripts $base/lib/my_robot_controller --single-version-externally-managed
