[4.234s] DEBUG:colcon:Command line arguments: ['/usr/bin/colcon', 'build', '--symlink-install']
[4.235s] DEBUG:colcon:Parsed command line arguments: Namespace(allow_overriding=[], ament_cmake_args=None, base_paths=['.'], build_base='build', catkin_cmake_args=None, catkin_skip_building_tests=False, cmake_args=None, cmake_clean_cache=False, cmake_clean_first=False, cmake_force_configure=False, cmake_target=None, cmake_target_skip_unavailable=False, continue_on_error=False, event_handlers=None, executor='parallel', ignore_user_meta=False, install_base='install', log_base=None, log_level=None, main=<bound method BuildVerb.main of <colcon_core.verb.build.BuildVerb object at 0x7f77e09a0e80>>, merge_install=False, metas=['./colcon.meta'], packages_above=None, packages_above_and_dependencies=None, packages_above_depth=None, packages_end=None, packages_ignore=None, packages_ignore_regex=None, packages_select=None, packages_select_build_failed=False, packages_select_by_dep=None, packages_select_regex=None, packages_select_test_failures=False, packages_skip=None, packages_skip_build_finished=False, packages_skip_by_dep=None, packages_skip_regex=None, packages_skip_test_passed=False, packages_skip_up_to=None, packages_start=None, packages_up_to=None, packages_up_to_regex=None, parallel_workers=2, paths=None, symlink_install=True, test_result_base=None, verb_extension=<colcon_core.verb.build.BuildVerb object at 0x7f77e09a0e80>, verb_name='build', verb_parser=<colcon_defaults.argument_parser.defaults.DefaultArgumentsDecorator object at 0x7f77e0910160>)
[4.455s] Level 1:colcon.colcon_core.package_discovery:discover_packages(colcon_meta) check parameters
[4.455s] Level 1:colcon.colcon_core.package_discovery:discover_packages(recursive) check parameters
[4.455s] Level 1:colcon.colcon_core.package_discovery:discover_packages(ignore) check parameters
[4.455s] Level 1:colcon.colcon_core.package_discovery:discover_packages(path) check parameters
[4.455s] Level 1:colcon.colcon_core.package_discovery:discover_packages(colcon_meta) discover
[4.455s] Level 1:colcon.colcon_core.package_discovery:discover_packages(recursive) discover
[4.455s] INFO:colcon.colcon_core.package_discovery:Crawling recursively for packages in '/home/dafx/ros2_ws'
[4.455s] Level 1:colcon.colcon_core.package_identification:_identify(.) by extensions ['ignore', 'ignore_ament_install']
[4.455s] Level 1:colcon.colcon_core.package_identification:_identify(.) by extension 'ignore'
[4.456s] Level 1:colcon.colcon_core.package_identification:_identify(.) by extension 'ignore_ament_install'
[4.456s] Level 1:colcon.colcon_core.package_identification:_identify(.) by extensions ['colcon_pkg']
[4.456s] Level 1:colcon.colcon_core.package_identification:_identify(.) by extension 'colcon_pkg'
[4.456s] Level 1:colcon.colcon_core.package_identification:_identify(.) by extensions ['colcon_meta']
[4.456s] Level 1:colcon.colcon_core.package_identification:_identify(.) by extension 'colcon_meta'
[4.456s] Level 1:colcon.colcon_core.package_identification:_identify(.) by extensions ['ros']
[4.457s] Level 1:colcon.colcon_core.package_identification:_identify(.) by extension 'ros'
[4.486s] Level 1:colcon.colcon_core.package_identification:_identify(.) by extensions ['cmake', 'python']
[4.486s] Level 1:colcon.colcon_core.package_identification:_identify(.) by extension 'cmake'
[4.486s] Level 1:colcon.colcon_core.package_identification:_identify(.) by extension 'python'
[4.486s] Level 1:colcon.colcon_core.package_identification:_identify(.) by extensions ['python_setup_py']
[4.486s] Level 1:colcon.colcon_core.package_identification:_identify(.) by extension 'python_setup_py'
[4.486s] Level 1:colcon.colcon_core.package_identification:_identify(build) by extensions ['ignore', 'ignore_ament_install']
[4.487s] Level 1:colcon.colcon_core.package_identification:_identify(build) by extension 'ignore'
[4.487s] Level 1:colcon.colcon_core.package_identification:_identify(build) ignored
[4.487s] Level 1:colcon.colcon_core.package_identification:_identify(install) by extensions ['ignore', 'ignore_ament_install']
[4.487s] Level 1:colcon.colcon_core.package_identification:_identify(install) by extension 'ignore'
[4.487s] Level 1:colcon.colcon_core.package_identification:_identify(install) ignored
[4.487s] Level 1:colcon.colcon_core.package_identification:_identify(log) by extensions ['ignore', 'ignore_ament_install']
[4.487s] Level 1:colcon.colcon_core.package_identification:_identify(log) by extension 'ignore'
[4.487s] Level 1:colcon.colcon_core.package_identification:_identify(log) ignored
[4.488s] Level 1:colcon.colcon_core.package_identification:_identify(src) by extensions ['ignore', 'ignore_ament_install']
[4.488s] Level 1:colcon.colcon_core.package_identification:_identify(src) by extension 'ignore'
[4.488s] Level 1:colcon.colcon_core.package_identification:_identify(src) by extension 'ignore_ament_install'
[4.489s] Level 1:colcon.colcon_core.package_identification:_identify(src) by extensions ['colcon_pkg']
[4.489s] Level 1:colcon.colcon_core.package_identification:_identify(src) by extension 'colcon_pkg'
[4.489s] Level 1:colcon.colcon_core.package_identification:_identify(src) by extensions ['colcon_meta']
[4.489s] Level 1:colcon.colcon_core.package_identification:_identify(src) by extension 'colcon_meta'
[4.489s] Level 1:colcon.colcon_core.package_identification:_identify(src) by extensions ['ros']
[4.489s] Level 1:colcon.colcon_core.package_identification:_identify(src) by extension 'ros'
[4.489s] Level 1:colcon.colcon_core.package_identification:_identify(src) by extensions ['cmake', 'python']
[4.489s] Level 1:colcon.colcon_core.package_identification:_identify(src) by extension 'cmake'
[4.489s] Level 1:colcon.colcon_core.package_identification:_identify(src) by extension 'python'
[4.489s] Level 1:colcon.colcon_core.package_identification:_identify(src) by extensions ['python_setup_py']
[4.489s] Level 1:colcon.colcon_core.package_identification:_identify(src) by extension 'python_setup_py'
[4.490s] Level 1:colcon.colcon_core.package_identification:_identify(src/my_robot_controller) by extensions ['ignore', 'ignore_ament_install']
[4.490s] Level 1:colcon.colcon_core.package_identification:_identify(src/my_robot_controller) by extension 'ignore'
[4.490s] Level 1:colcon.colcon_core.package_identification:_identify(src/my_robot_controller) by extension 'ignore_ament_install'
[4.490s] Level 1:colcon.colcon_core.package_identification:_identify(src/my_robot_controller) by extensions ['colcon_pkg']
[4.490s] Level 1:colcon.colcon_core.package_identification:_identify(src/my_robot_controller) by extension 'colcon_pkg'
[4.490s] Level 1:colcon.colcon_core.package_identification:_identify(src/my_robot_controller) by extensions ['colcon_meta']
[4.490s] Level 1:colcon.colcon_core.package_identification:_identify(src/my_robot_controller) by extension 'colcon_meta'
[4.490s] Level 1:colcon.colcon_core.package_identification:_identify(src/my_robot_controller) by extensions ['ros']
[4.490s] Level 1:colcon.colcon_core.package_identification:_identify(src/my_robot_controller) by extension 'ros'
[4.496s] DEBUG:colcon.colcon_core.package_identification:Package 'src/my_robot_controller' with type 'ros.ament_python' and name 'my_robot_controller'
[4.496s] Level 1:colcon.colcon_core.package_discovery:discover_packages(recursive) using defaults
[4.496s] Level 1:colcon.colcon_core.package_discovery:discover_packages(ignore) discover
[4.496s] Level 1:colcon.colcon_core.package_discovery:discover_packages(ignore) using defaults
[4.496s] Level 1:colcon.colcon_core.package_discovery:discover_packages(path) discover
[4.496s] Level 1:colcon.colcon_core.package_discovery:discover_packages(path) using defaults
[4.937s] Level 1:colcon.colcon_core.package_discovery:discover_packages(prefix_path) check parameters
[4.937s] Level 1:colcon.colcon_core.package_discovery:discover_packages(prefix_path) discover
[5.081s] DEBUG:colcon.colcon_installed_package_information.package_discovery:Found 1 installed packages in /home/dafx/ros2_ws/install
[5.164s] DEBUG:colcon.colcon_installed_package_information.package_discovery:Found 256 installed packages in /opt/ros/foxy
[5.166s] Level 1:colcon.colcon_core.package_discovery:discover_packages(prefix_path) using defaults
[5.519s] Level 5:colcon.colcon_core.verb:set package 'my_robot_controller' build argument 'cmake_args' from command line to 'None'
[5.520s] Level 5:colcon.colcon_core.verb:set package 'my_robot_controller' build argument 'cmake_target' from command line to 'None'
[5.520s] Level 5:colcon.colcon_core.verb:set package 'my_robot_controller' build argument 'cmake_target_skip_unavailable' from command line to 'False'
[5.520s] Level 5:colcon.colcon_core.verb:set package 'my_robot_controller' build argument 'cmake_clean_cache' from command line to 'False'
[5.520s] Level 5:colcon.colcon_core.verb:set package 'my_robot_controller' build argument 'cmake_clean_first' from command line to 'False'
[5.520s] Level 5:colcon.colcon_core.verb:set package 'my_robot_controller' build argument 'cmake_force_configure' from command line to 'False'
[5.520s] Level 5:colcon.colcon_core.verb:set package 'my_robot_controller' build argument 'ament_cmake_args' from command line to 'None'
[5.520s] Level 5:colcon.colcon_core.verb:set package 'my_robot_controller' build argument 'catkin_cmake_args' from command line to 'None'
[5.520s] Level 5:colcon.colcon_core.verb:set package 'my_robot_controller' build argument 'catkin_skip_building_tests' from command line to 'False'
[5.520s] DEBUG:colcon.colcon_core.verb:Building package 'my_robot_controller' with the following arguments: {'ament_cmake_args': None, 'build_base': '/home/dafx/ros2_ws/build/my_robot_controller', 'catkin_cmake_args': None, 'catkin_skip_building_tests': False, 'cmake_args': None, 'cmake_clean_cache': False, 'cmake_clean_first': False, 'cmake_force_configure': False, 'cmake_target': None, 'cmake_target_skip_unavailable': False, 'install_base': '/home/dafx/ros2_ws/install/my_robot_controller', 'merge_install': False, 'path': '/home/dafx/ros2_ws/src/my_robot_controller', 'symlink_install': True, 'test_result_base': None}
[5.597s] INFO:colcon.colcon_core.executor:Executing jobs using 'parallel' executor
[5.702s] DEBUG:colcon.colcon_parallel_executor.executor.parallel:run_until_complete
[5.703s] INFO:colcon.colcon_ros.task.ament_python.build:Building ROS package in '/home/dafx/ros2_ws/src/my_robot_controller' with build type 'ament_python'
[5.704s] Level 1:colcon.colcon_core.shell:create_environment_hook('my_robot_controller', 'ament_prefix_path')
[5.790s] INFO:colcon.colcon_core.plugin_system:Skipping extension 'colcon_core.shell.bat': Not used on non-Windows systems
[5.791s] INFO:colcon.colcon_core.shell:Creating environment hook '/home/dafx/ros2_ws/install/my_robot_controller/share/my_robot_controller/hook/ament_prefix_path.ps1'
[5.794s] INFO:colcon.colcon_core.shell:Creating environment descriptor '/home/dafx/ros2_ws/install/my_robot_controller/share/my_robot_controller/hook/ament_prefix_path.dsv'
[5.797s] INFO:colcon.colcon_core.shell:Creating environment hook '/home/dafx/ros2_ws/install/my_robot_controller/share/my_robot_controller/hook/ament_prefix_path.sh'
[5.896s] INFO:colcon.colcon_core.shell:Skip shell extension 'powershell' for command environment: Not usable outside of PowerShell
[5.897s] DEBUG:colcon.colcon_core.shell:Skip shell extension 'dsv' for command environment
[6.622s] INFO:colcon.colcon_core.task.python.build:Building Python package in '/home/dafx/ros2_ws/src/my_robot_controller'
[6.688s] INFO:colcon.colcon_core.shell:Skip shell extension 'powershell' for command environment: Not usable outside of PowerShell
[6.688s] DEBUG:colcon.colcon_core.shell:Skip shell extension 'dsv' for command environment
[7.758s] DEBUG:colcon.colcon_core.event_handler.log_command:Invoking command in '/home/dafx/ros2_ws/build/my_robot_controller': PYTHONPATH=/home/dafx/ros2_ws/build/my_robot_controller/prefix_override:/home/dafx/ros2_ws/install/my_robot_controller/lib/python3.8/site-packages:${PYTHONPATH} /usr/bin/python3 setup.py develop --editable --build-directory /home/dafx/ros2_ws/build/my_robot_controller/build --no-deps install_data
[8.731s] Level 1:colcon.colcon_core.shell:create_environment_hook('my_robot_controller', 'pythonpath_develop')
[8.734s] DEBUG:colcon.colcon_core.event_handler.log_command:Invoked command in '/home/dafx/ros2_ws/build/my_robot_controller' returned '0': PYTHONPATH=/home/dafx/ros2_ws/build/my_robot_controller/prefix_override:/home/dafx/ros2_ws/install/my_robot_controller/lib/python3.8/site-packages:${PYTHONPATH} /usr/bin/python3 setup.py develop --editable --build-directory /home/dafx/ros2_ws/build/my_robot_controller/build --no-deps install_data
[8.841s] INFO:colcon.colcon_core.shell:Creating environment hook '/home/dafx/ros2_ws/build/my_robot_controller/share/my_robot_controller/hook/pythonpath_develop.ps1'
[8.843s] INFO:colcon.colcon_core.shell:Creating environment descriptor '/home/dafx/ros2_ws/build/my_robot_controller/share/my_robot_controller/hook/pythonpath_develop.dsv'
[8.845s] INFO:colcon.colcon_core.shell:Creating environment hook '/home/dafx/ros2_ws/build/my_robot_controller/share/my_robot_controller/hook/pythonpath_develop.sh'
[8.990s] Level 1:colcon.colcon_core.environment:checking '/home/dafx/ros2_ws/install/my_robot_controller' for CMake module files
[8.991s] Level 1:colcon.colcon_core.environment:checking '/home/dafx/ros2_ws/install/my_robot_controller' for CMake config files
[8.993s] Level 1:colcon.colcon_core.environment:checking '/home/dafx/ros2_ws/install/my_robot_controller/lib'
[8.993s] Level 1:colcon.colcon_core.environment:checking '/home/dafx/ros2_ws/install/my_robot_controller/bin'
[8.993s] Level 1:colcon.colcon_core.environment:checking '/home/dafx/ros2_ws/install/my_robot_controller/lib/pkgconfig/my_robot_controller.pc'
[8.993s] Level 1:colcon.colcon_core.environment:checking '/home/dafx/ros2_ws/install/my_robot_controller/lib/python3.8/site-packages'
[8.994s] Level 1:colcon.colcon_core.shell:create_environment_hook('my_robot_controller', 'pythonpath')
[9.074s] INFO:colcon.colcon_core.shell:Creating environment hook '/home/dafx/ros2_ws/install/my_robot_controller/share/my_robot_controller/hook/pythonpath.ps1'
[9.076s] INFO:colcon.colcon_core.shell:Creating environment descriptor '/home/dafx/ros2_ws/install/my_robot_controller/share/my_robot_controller/hook/pythonpath.dsv'
[9.077s] INFO:colcon.colcon_core.shell:Creating environment hook '/home/dafx/ros2_ws/install/my_robot_controller/share/my_robot_controller/hook/pythonpath.sh'
[9.079s] Level 1:colcon.colcon_core.environment:checking '/home/dafx/ros2_ws/install/my_robot_controller/bin'
[9.080s] Level 1:colcon.colcon_core.environment:create_environment_scripts_only(my_robot_controller)
[9.163s] INFO:colcon.colcon_core.shell:Creating package script '/home/dafx/ros2_ws/install/my_robot_controller/share/my_robot_controller/package.ps1'
[9.166s] INFO:colcon.colcon_core.shell:Creating package descriptor '/home/dafx/ros2_ws/install/my_robot_controller/share/my_robot_controller/package.dsv'
[9.168s] INFO:colcon.colcon_core.shell:Creating package script '/home/dafx/ros2_ws/install/my_robot_controller/share/my_robot_controller/package.sh'
[9.170s] INFO:colcon.colcon_core.shell:Creating package script '/home/dafx/ros2_ws/install/my_robot_controller/share/my_robot_controller/package.bash'
[9.173s] INFO:colcon.colcon_core.shell:Creating package script '/home/dafx/ros2_ws/install/my_robot_controller/share/my_robot_controller/package.zsh'
[9.175s] Level 1:colcon.colcon_core.environment:create_file_with_runtime_dependencies(/home/dafx/ros2_ws/install/my_robot_controller/share/colcon-core/packages/my_robot_controller)
[9.178s] DEBUG:colcon.colcon_parallel_executor.executor.parallel:closing loop
[9.179s] DEBUG:colcon.colcon_parallel_executor.executor.parallel:loop closed
[9.179s] DEBUG:colcon.colcon_parallel_executor.executor.parallel:run_until_complete finished with '0'
[9.180s] DEBUG:colcon.colcon_core.event_reactor:joining thread
[9.255s] INFO:colcon.colcon_core.plugin_system:Skipping extension 'colcon_notification.desktop_notification.terminal_notifier': Not used on non-Darwin systems
[9.255s] INFO:colcon.colcon_core.plugin_system:Skipping extension 'colcon_notification.desktop_notification.win32': Not used on non-Windows systems
[9.255s] INFO:colcon.colcon_notification.desktop_notification:Sending desktop notification using 'notify2'
[9.303s] DEBUG:colcon.colcon_core.event_reactor:joined thread
[9.397s] INFO:colcon.colcon_core.shell:Creating prefix script '/home/dafx/ros2_ws/install/local_setup.ps1'
[9.400s] INFO:colcon.colcon_core.shell:Creating prefix util module '/home/dafx/ros2_ws/install/_local_setup_util_ps1.py'
[9.403s] INFO:colcon.colcon_core.shell:Creating prefix chain script '/home/dafx/ros2_ws/install/setup.ps1'
[9.509s] INFO:colcon.colcon_core.shell:Creating prefix script '/home/dafx/ros2_ws/install/local_setup.sh'
[9.512s] INFO:colcon.colcon_core.shell:Creating prefix util module '/home/dafx/ros2_ws/install/_local_setup_util_sh.py'
[9.514s] INFO:colcon.colcon_core.shell:Creating prefix chain script '/home/dafx/ros2_ws/install/setup.sh'
[9.618s] INFO:colcon.colcon_core.shell:Creating prefix script '/home/dafx/ros2_ws/install/local_setup.bash'
[9.621s] INFO:colcon.colcon_core.shell:Creating prefix chain script '/home/dafx/ros2_ws/install/setup.bash'
[9.722s] INFO:colcon.colcon_core.shell:Creating prefix script '/home/dafx/ros2_ws/install/local_setup.zsh'
[9.724s] INFO:colcon.colcon_core.shell:Creating prefix chain script '/home/dafx/ros2_ws/install/setup.zsh'
