[0.993s] Invoking command in '/home/byc/ros2_ws/src/build/my_robot_controller': PYTHONPATH=/home/byc/ros2_ws/src/build/my_robot_controller/prefix_override:/home/byc/ros2_ws/src/install/my_robot_controller/lib/python3.8/site-packages:${PYTHONPATH} /usr/bin/python3 setup.py develop --editable --build-directory /home/byc/ros2_ws/src/build/my_robot_controller/build --no-deps install_data
[1.233s] /home/byc/.local/lib/python3.8/site-packages/setuptools/dist.py:717: UserWarning: Usage of dash-separated 'script-dir' will not be supported in future versions. Please use the underscore name 'script_dir' instead
[1.233s]   warnings.warn(
[1.279s] running develop
[1.453s] running egg_info
[1.454s] creating my_robot_controller.egg-info
[1.455s] writing my_robot_controller.egg-info/PKG-INFO
[1.457s] writing dependency_links to my_robot_controller.egg-info/dependency_links.txt
[1.458s] writing entry points to my_robot_controller.egg-info/entry_points.txt
[1.460s] writing requirements to my_robot_controller.egg-info/requires.txt
[1.461s] writing top-level names to my_robot_controller.egg-info/top_level.txt
[1.477s] writing manifest file 'my_robot_controller.egg-info/SOURCES.txt'
[1.477s] reading manifest file 'my_robot_controller.egg-info/SOURCES.txt'
[1.477s] writing manifest file 'my_robot_controller.egg-info/SOURCES.txt'
[1.520s] running build_ext
[1.521s] Creating /home/byc/ros2_ws/src/install/my_robot_controller/lib/python3.8/site-packages/my-robot-controller.egg-link (link to .)
[1.522s] Installing draw_circle script to /home/byc/ros2_ws/src/install/my_robot_controller/lib/my_robot_controller
[1.523s] Installing pose_subscriber script to /home/byc/ros2_ws/src/install/my_robot_controller/lib/my_robot_controller
[1.523s] Installing test_node script to /home/byc/ros2_ws/src/install/my_robot_controller/lib/my_robot_controller
[1.524s] Installing turtle_controller script to /home/byc/ros2_ws/src/install/my_robot_controller/lib/my_robot_controller
[1.524s] 
[1.524s] Installed /home/byc/ros2_ws/src/build/my_robot_controller
[1.524s] running install_data
[1.525s] creating /home/byc/ros2_ws/src/install/my_robot_controller/share/ament_index
[1.525s] creating /home/byc/ros2_ws/src/install/my_robot_controller/share/ament_index/resource_index
[1.525s] creating /home/byc/ros2_ws/src/install/my_robot_controller/share/ament_index/resource_index/packages
[1.526s] copying resource/my_robot_controller -> /home/byc/ros2_ws/src/install/my_robot_controller/share/ament_index/resource_index/packages
[1.526s] copying package.xml -> /home/byc/ros2_ws/src/install/my_robot_controller/share/my_robot_controller
[1.585s] Invoked command in '/home/byc/ros2_ws/src/build/my_robot_controller' returned '0': PYTHONPATH=/home/byc/ros2_ws/src/build/my_robot_controller/prefix_override:/home/byc/ros2_ws/src/install/my_robot_controller/lib/python3.8/site-packages:${PYTHONPATH} /usr/bin/python3 setup.py develop --editable --build-directory /home/byc/ros2_ws/src/build/my_robot_controller/build --no-deps install_data
