[2.306s] DEBUG:colcon:Command line arguments: ['/usr/bin/colcon', 'build', '--symlink-install']
[2.306s] DEBUG:colcon:Parsed command line arguments: Namespace(allow_overriding=[], ament_cmake_args=None, base_paths=['.'], build_base='build', catkin_cmake_args=None, catkin_skip_building_tests=False, cmake_args=None, cmake_clean_cache=False, cmake_clean_first=False, cmake_force_configure=False, cmake_target=None, cmake_target_skip_unavailable=False, continue_on_error=False, event_handlers=None, executor='parallel', ignore_user_meta=False, install_base='install', log_base=None, log_level=None, main=<bound method BuildVerb.main of <colcon_core.verb.build.BuildVerb object at 0x7eff4023ea00>>, merge_install=False, metas=['./colcon.meta'], packages_above=None, packages_above_and_dependencies=None, packages_above_depth=None, packages_end=None, packages_ignore=None, packages_ignore_regex=None, packages_select=None, packages_select_build_failed=False, packages_select_by_dep=None, packages_select_regex=None, packages_select_test_failures=False, packages_skip=None, packages_skip_build_finished=False, packages_skip_by_dep=None, packages_skip_regex=None, packages_skip_test_passed=False, packages_skip_up_to=None, packages_start=None, packages_up_to=None, packages_up_to_regex=None, parallel_workers=2, paths=None, symlink_install=True, test_result_base=None, verb_extension=<colcon_core.verb.build.BuildVerb object at 0x7eff4023ea00>, verb_name='build', verb_parser=<colcon_defaults.argument_parser.defaults.DefaultArgumentsDecorator object at 0x7eff401c71c0>)
[2.438s] Level 1:colcon.colcon_core.package_discovery:discover_packages(colcon_meta) check parameters
[2.439s] Level 1:colcon.colcon_core.package_discovery:discover_packages(recursive) check parameters
[2.439s] Level 1:colcon.colcon_core.package_discovery:discover_packages(ignore) check parameters
[2.439s] Level 1:colcon.colcon_core.package_discovery:discover_packages(path) check parameters
[2.439s] Level 1:colcon.colcon_core.package_discovery:discover_packages(colcon_meta) discover
[2.439s] Level 1:colcon.colcon_core.package_discovery:discover_packages(recursive) discover
[2.439s] INFO:colcon.colcon_core.package_discovery:Crawling recursively for packages in '/home/byc/ros2_ws/src'
[2.439s] Level 1:colcon.colcon_core.package_identification:_identify(.) by extensions ['ignore', 'ignore_ament_install']
[2.439s] Level 1:colcon.colcon_core.package_identification:_identify(.) by extension 'ignore'
[2.439s] Level 1:colcon.colcon_core.package_identification:_identify(.) by extension 'ignore_ament_install'
[2.439s] Level 1:colcon.colcon_core.package_identification:_identify(.) by extensions ['colcon_pkg']
[2.439s] Level 1:colcon.colcon_core.package_identification:_identify(.) by extension 'colcon_pkg'
[2.439s] Level 1:colcon.colcon_core.package_identification:_identify(.) by extensions ['colcon_meta']
[2.439s] Level 1:colcon.colcon_core.package_identification:_identify(.) by extension 'colcon_meta'
[2.439s] Level 1:colcon.colcon_core.package_identification:_identify(.) by extensions ['ros']
[2.439s] Level 1:colcon.colcon_core.package_identification:_identify(.) by extension 'ros'
[2.458s] Level 1:colcon.colcon_core.package_identification:_identify(.) by extensions ['cmake', 'python']
[2.458s] Level 1:colcon.colcon_core.package_identification:_identify(.) by extension 'cmake'
[2.459s] Level 1:colcon.colcon_core.package_identification:_identify(.) by extension 'python'
[2.459s] Level 1:colcon.colcon_core.package_identification:_identify(.) by extensions ['python_setup_py']
[2.459s] Level 1:colcon.colcon_core.package_identification:_identify(.) by extension 'python_setup_py'
[2.459s] Level 1:colcon.colcon_core.package_identification:_identify(build) by extensions ['ignore', 'ignore_ament_install']
[2.459s] Level 1:colcon.colcon_core.package_identification:_identify(build) by extension 'ignore'
[2.459s] Level 1:colcon.colcon_core.package_identification:_identify(build) ignored
[2.459s] Level 1:colcon.colcon_core.package_identification:_identify(install) by extensions ['ignore', 'ignore_ament_install']
[2.459s] Level 1:colcon.colcon_core.package_identification:_identify(install) by extension 'ignore'
[2.459s] Level 1:colcon.colcon_core.package_identification:_identify(install) ignored
[2.459s] Level 1:colcon.colcon_core.package_identification:_identify(log) by extensions ['ignore', 'ignore_ament_install']
[2.459s] Level 1:colcon.colcon_core.package_identification:_identify(log) by extension 'ignore'
[2.459s] Level 1:colcon.colcon_core.package_identification:_identify(log) ignored
[2.459s] Level 1:colcon.colcon_core.package_identification:_identify(my_robot_controller) by extensions ['ignore', 'ignore_ament_install']
[2.459s] Level 1:colcon.colcon_core.package_identification:_identify(my_robot_controller) by extension 'ignore'
[2.460s] Level 1:colcon.colcon_core.package_identification:_identify(my_robot_controller) by extension 'ignore_ament_install'
[2.460s] Level 1:colcon.colcon_core.package_identification:_identify(my_robot_controller) by extensions ['colcon_pkg']
[2.460s] Level 1:colcon.colcon_core.package_identification:_identify(my_robot_controller) by extension 'colcon_pkg'
[2.460s] Level 1:colcon.colcon_core.package_identification:_identify(my_robot_controller) by extensions ['colcon_meta']
[2.460s] Level 1:colcon.colcon_core.package_identification:_identify(my_robot_controller) by extension 'colcon_meta'
[2.460s] Level 1:colcon.colcon_core.package_identification:_identify(my_robot_controller) by extensions ['ros']
[2.460s] Level 1:colcon.colcon_core.package_identification:_identify(my_robot_controller) by extension 'ros'
[2.466s] DEBUG:colcon.colcon_core.package_identification:Package 'my_robot_controller' with type 'ros.ament_python' and name 'my_robot_controller'
[2.467s] Level 1:colcon.colcon_core.package_discovery:discover_packages(recursive) using defaults
[2.467s] Level 1:colcon.colcon_core.package_discovery:discover_packages(ignore) discover
[2.467s] Level 1:colcon.colcon_core.package_discovery:discover_packages(ignore) using defaults
[2.467s] Level 1:colcon.colcon_core.package_discovery:discover_packages(path) discover
[2.467s] Level 1:colcon.colcon_core.package_discovery:discover_packages(path) using defaults
[2.712s] Level 1:colcon.colcon_core.package_discovery:discover_packages(prefix_path) check parameters
[2.712s] Level 1:colcon.colcon_core.package_discovery:discover_packages(prefix_path) discover
[2.789s] DEBUG:colcon.colcon_installed_package_information.package_discovery:Found 1 installed packages in /home/byc/ros2_ws/install
[2.828s] DEBUG:colcon.colcon_installed_package_information.package_discovery:Found 256 installed packages in /opt/ros/foxy
[2.831s] Level 1:colcon.colcon_core.package_discovery:discover_packages(prefix_path) using defaults
[3.214s] Level 5:colcon.colcon_core.verb:set package 'my_robot_controller' build argument 'cmake_args' from command line to 'None'
[3.216s] Level 5:colcon.colcon_core.verb:set package 'my_robot_controller' build argument 'cmake_target' from command line to 'None'
[3.216s] Level 5:colcon.colcon_core.verb:set package 'my_robot_controller' build argument 'cmake_target_skip_unavailable' from command line to 'False'
[3.216s] Level 5:colcon.colcon_core.verb:set package 'my_robot_controller' build argument 'cmake_clean_cache' from command line to 'False'
[3.216s] Level 5:colcon.colcon_core.verb:set package 'my_robot_controller' build argument 'cmake_clean_first' from command line to 'False'
[3.216s] Level 5:colcon.colcon_core.verb:set package 'my_robot_controller' build argument 'cmake_force_configure' from command line to 'False'
[3.216s] Level 5:colcon.colcon_core.verb:set package 'my_robot_controller' build argument 'ament_cmake_args' from command line to 'None'
[3.217s] Level 5:colcon.colcon_core.verb:set package 'my_robot_controller' build argument 'catkin_cmake_args' from command line to 'None'
[3.217s] Level 5:colcon.colcon_core.verb:set package 'my_robot_controller' build argument 'catkin_skip_building_tests' from command line to 'False'
[3.217s] DEBUG:colcon.colcon_core.verb:Building package 'my_robot_controller' with the following arguments: {'ament_cmake_args': None, 'build_base': '/home/byc/ros2_ws/src/build/my_robot_controller', 'catkin_cmake_args': None, 'catkin_skip_building_tests': False, 'cmake_args': None, 'cmake_clean_cache': False, 'cmake_clean_first': False, 'cmake_force_configure': False, 'cmake_target': None, 'cmake_target_skip_unavailable': False, 'install_base': '/home/byc/ros2_ws/src/install/my_robot_controller', 'merge_install': False, 'path': '/home/byc/ros2_ws/src/my_robot_controller', 'symlink_install': True, 'test_result_base': None}
[3.242s] INFO:colcon.colcon_core.executor:Executing jobs using 'parallel' executor
[3.271s] DEBUG:colcon.colcon_parallel_executor.executor.parallel:run_until_complete
[3.271s] INFO:colcon.colcon_ros.task.ament_python.build:Building ROS package in '/home/byc/ros2_ws/src/my_robot_controller' with build type 'ament_python'
[3.272s] Level 1:colcon.colcon_core.shell:create_environment_hook('my_robot_controller', 'ament_prefix_path')
[3.312s] INFO:colcon.colcon_core.plugin_system:Skipping extension 'colcon_core.shell.bat': Not used on non-Windows systems
[3.313s] INFO:colcon.colcon_core.shell:Creating environment hook '/home/byc/ros2_ws/src/install/my_robot_controller/share/my_robot_controller/hook/ament_prefix_path.ps1'
[3.314s] INFO:colcon.colcon_core.shell:Creating environment descriptor '/home/byc/ros2_ws/src/install/my_robot_controller/share/my_robot_controller/hook/ament_prefix_path.dsv'
[3.315s] INFO:colcon.colcon_core.shell:Creating environment hook '/home/byc/ros2_ws/src/install/my_robot_controller/share/my_robot_controller/hook/ament_prefix_path.sh'
[3.357s] INFO:colcon.colcon_core.shell:Skip shell extension 'powershell' for command environment: Not usable outside of PowerShell
[3.357s] DEBUG:colcon.colcon_core.shell:Skip shell extension 'dsv' for command environment
[3.680s] INFO:colcon.colcon_core.task.python.build:Building Python package in '/home/byc/ros2_ws/src/my_robot_controller'
[3.713s] INFO:colcon.colcon_core.shell:Skip shell extension 'powershell' for command environment: Not usable outside of PowerShell
[3.714s] DEBUG:colcon.colcon_core.shell:Skip shell extension 'dsv' for command environment
[4.319s] DEBUG:colcon.colcon_core.event_handler.log_command:Invoking command in '/home/byc/ros2_ws/src/build/my_robot_controller': PYTHONPATH=/home/byc/ros2_ws/src/build/my_robot_controller/prefix_override:/home/byc/ros2_ws/src/install/my_robot_controller/lib/python3.8/site-packages:${PYTHONPATH} /usr/bin/python3 setup.py develop --editable --build-directory /home/byc/ros2_ws/src/build/my_robot_controller/build --no-deps install_data
[4.721s] Level 1:colcon.colcon_core.shell:create_environment_hook('my_robot_controller', 'pythonpath_develop')
[4.722s] DEBUG:colcon.colcon_core.event_handler.log_command:Invoked command in '/home/byc/ros2_ws/src/build/my_robot_controller' returned '0': PYTHONPATH=/home/byc/ros2_ws/src/build/my_robot_controller/prefix_override:/home/byc/ros2_ws/src/install/my_robot_controller/lib/python3.8/site-packages:${PYTHONPATH} /usr/bin/python3 setup.py develop --editable --build-directory /home/byc/ros2_ws/src/build/my_robot_controller/build --no-deps install_data
[4.751s] INFO:colcon.colcon_core.shell:Creating environment hook '/home/byc/ros2_ws/src/build/my_robot_controller/share/my_robot_controller/hook/pythonpath_develop.ps1'
[4.752s] INFO:colcon.colcon_core.shell:Creating environment descriptor '/home/byc/ros2_ws/src/build/my_robot_controller/share/my_robot_controller/hook/pythonpath_develop.dsv'
[4.753s] INFO:colcon.colcon_core.shell:Creating environment hook '/home/byc/ros2_ws/src/build/my_robot_controller/share/my_robot_controller/hook/pythonpath_develop.sh'
[4.797s] Level 1:colcon.colcon_core.environment:checking '/home/byc/ros2_ws/src/install/my_robot_controller' for CMake module files
[4.797s] Level 1:colcon.colcon_core.environment:checking '/home/byc/ros2_ws/src/install/my_robot_controller' for CMake config files
[4.798s] Level 1:colcon.colcon_core.environment:checking '/home/byc/ros2_ws/src/install/my_robot_controller/lib'
[4.798s] Level 1:colcon.colcon_core.environment:checking '/home/byc/ros2_ws/src/install/my_robot_controller/bin'
[4.798s] Level 1:colcon.colcon_core.environment:checking '/home/byc/ros2_ws/src/install/my_robot_controller/lib/pkgconfig/my_robot_controller.pc'
[4.799s] Level 1:colcon.colcon_core.environment:checking '/home/byc/ros2_ws/src/install/my_robot_controller/lib/python3.8/site-packages'
[4.799s] Level 1:colcon.colcon_core.shell:create_environment_hook('my_robot_controller', 'pythonpath')
[4.824s] INFO:colcon.colcon_core.shell:Creating environment hook '/home/byc/ros2_ws/src/install/my_robot_controller/share/my_robot_controller/hook/pythonpath.ps1'
[4.826s] INFO:colcon.colcon_core.shell:Creating environment descriptor '/home/byc/ros2_ws/src/install/my_robot_controller/share/my_robot_controller/hook/pythonpath.dsv'
[4.826s] INFO:colcon.colcon_core.shell:Creating environment hook '/home/byc/ros2_ws/src/install/my_robot_controller/share/my_robot_controller/hook/pythonpath.sh'
[4.827s] Level 1:colcon.colcon_core.environment:checking '/home/byc/ros2_ws/src/install/my_robot_controller/bin'
[4.827s] Level 1:colcon.colcon_core.environment:create_environment_scripts_only(my_robot_controller)
[4.862s] INFO:colcon.colcon_core.shell:Creating package script '/home/byc/ros2_ws/src/install/my_robot_controller/share/my_robot_controller/package.ps1'
[4.870s] INFO:colcon.colcon_core.shell:Creating package descriptor '/home/byc/ros2_ws/src/install/my_robot_controller/share/my_robot_controller/package.dsv'
[4.871s] INFO:colcon.colcon_core.shell:Creating package script '/home/byc/ros2_ws/src/install/my_robot_controller/share/my_robot_controller/package.sh'
[4.873s] INFO:colcon.colcon_core.shell:Creating package script '/home/byc/ros2_ws/src/install/my_robot_controller/share/my_robot_controller/package.bash'
[4.875s] INFO:colcon.colcon_core.shell:Creating package script '/home/byc/ros2_ws/src/install/my_robot_controller/share/my_robot_controller/package.zsh'
[4.876s] Level 1:colcon.colcon_core.environment:create_file_with_runtime_dependencies(/home/byc/ros2_ws/src/install/my_robot_controller/share/colcon-core/packages/my_robot_controller)
[4.878s] DEBUG:colcon.colcon_parallel_executor.executor.parallel:closing loop
[4.878s] DEBUG:colcon.colcon_parallel_executor.executor.parallel:loop closed
[4.878s] DEBUG:colcon.colcon_parallel_executor.executor.parallel:run_until_complete finished with '0'
[4.878s] DEBUG:colcon.colcon_core.event_reactor:joining thread
[4.944s] INFO:colcon.colcon_core.plugin_system:Skipping extension 'colcon_notification.desktop_notification.terminal_notifier': Not used on non-Darwin systems
[4.944s] INFO:colcon.colcon_core.plugin_system:Skipping extension 'colcon_notification.desktop_notification.win32': Not used on non-Windows systems
[4.944s] INFO:colcon.colcon_notification.desktop_notification:Sending desktop notification using 'notify2'
[4.961s] DEBUG:colcon.colcon_core.event_reactor:joined thread
[4.994s] INFO:colcon.colcon_core.shell:Creating prefix script '/home/byc/ros2_ws/src/install/local_setup.ps1'
[4.997s] INFO:colcon.colcon_core.shell:Creating prefix util module '/home/byc/ros2_ws/src/install/_local_setup_util_ps1.py'
[4.999s] INFO:colcon.colcon_core.shell:Creating prefix chain script '/home/byc/ros2_ws/src/install/setup.ps1'
[5.034s] INFO:colcon.colcon_core.shell:Creating prefix script '/home/byc/ros2_ws/src/install/local_setup.sh'
[5.035s] INFO:colcon.colcon_core.shell:Creating prefix util module '/home/byc/ros2_ws/src/install/_local_setup_util_sh.py'
[5.036s] INFO:colcon.colcon_core.shell:Creating prefix chain script '/home/byc/ros2_ws/src/install/setup.sh'
[5.064s] INFO:colcon.colcon_core.shell:Creating prefix script '/home/byc/ros2_ws/src/install/local_setup.bash'
[5.066s] INFO:colcon.colcon_core.shell:Creating prefix chain script '/home/byc/ros2_ws/src/install/setup.bash'
[5.096s] INFO:colcon.colcon_core.shell:Creating prefix script '/home/byc/ros2_ws/src/install/local_setup.zsh'
[5.100s] INFO:colcon.colcon_core.shell:Creating prefix chain script '/home/byc/ros2_ws/src/install/setup.zsh'
