[1.260s] Invoking command in '/home/dafx/ros2_ws/build/webots_ros2_msgs': CMAKE_PREFIX_PATH=/home/dafx/ros2_ws/install/my_robot_controller:/opt/ros/foxy /usr/bin/cmake /home/dafx/ros2_ws/src/webots_ros2/webots_ros2_msgs -DCMAKE_INSTALL_PREFIX=/home/dafx/ros2_ws/install/webots_ros2_msgs
[2.460s] -- The C compiler identification is GNU 9.4.0
[2.844s] -- The CXX compiler identification is GNU 9.4.0
[2.897s] -- Check for working C compiler: /usr/bin/cc
[3.076s] -- Check for working C compiler: /usr/bin/cc -- works
[3.088s] -- Detecting C compiler ABI info
[3.251s] -- Detecting C compiler ABI info - done
[3.278s] -- Detecting C compile features
[3.281s] -- Detecting C compile features - done
[3.296s] -- Check for working CXX compiler: /usr/bin/c++
[3.476s] -- Check for working CXX compiler: /usr/bin/c++ -- works
[3.479s] -- Detecting CXX compiler ABI info
[3.668s] -- Detecting CXX compiler ABI info - done
[3.693s] -- Detecting CXX compile features
[3.696s] -- Detecting CXX compile features - done
[3.761s] -- Found ament_cmake: 0.9.12 (/opt/ros/foxy/share/ament_cmake/cmake)
[3.903s] -- Found PythonInterp: /usr/bin/python3 (found suitable version "3.8.10", minimum required is "3") 
[3.903s] -- Using PYTHON_EXECUTABLE: /usr/bin/python3
[4.529s] -- Found builtin_interfaces: 1.0.0 (/opt/ros/foxy/share/builtin_interfaces/cmake)
[4.690s] -- Using all available rosidl_typesupport_c: rosidl_typesupport_fastrtps_c;rosidl_typesupport_introspection_c
[4.744s] -- Found rosidl_adapter: 1.3.1 (/opt/ros/foxy/share/rosidl_adapter/cmake)
[5.080s] -- Found OpenSSL: /usr/lib/x86_64-linux-gnu/libcrypto.so (found version "1.1.1f")  
[5.148s] -- Found FastRTPS: /opt/ros/foxy/include  
[5.465s] -- Using all available rosidl_typesupport_cpp: rosidl_typesupport_fastrtps_cpp;rosidl_typesupport_introspection_cpp
[5.614s] -- Found rosidl_default_generators: 1.0.1 (/opt/ros/foxy/share/rosidl_default_generators/cmake)
[5.672s] -- Found geometry_msgs: 2.0.5 (/opt/ros/foxy/share/geometry_msgs/cmake)
[5.893s] -- Found vision_msgs: 2.0.0 (/opt/ros/foxy/share/vision_msgs/cmake)
[6.599s] -- Found PythonInterp: /usr/bin/python3 (found version "3.8.10") 
[7.369s] -- Found ament_cmake_cppcheck: 0.9.8 (/opt/ros/foxy/share/ament_cmake_cppcheck/cmake)
[7.383s] -- Found ament_cmake_cpplint: 0.9.8 (/opt/ros/foxy/share/ament_cmake_cpplint/cmake)
[7.397s] -- Found ament_cmake_uncrustify: 0.9.8 (/opt/ros/foxy/share/ament_cmake_uncrustify/cmake)
[7.414s] -- Found ament_cmake_ros: 0.9.2 (/opt/ros/foxy/share/ament_cmake_ros/cmake)
[8.257s] -- Using all available rosidl_typesupport_c: rosidl_typesupport_fastrtps_c;rosidl_typesupport_introspection_c
[8.689s] -- Using all available rosidl_typesupport_cpp: rosidl_typesupport_fastrtps_cpp;rosidl_typesupport_introspection_cpp
[8.780s] -- Found PythonInterp: /usr/bin/python3 (found suitable version "3.8.10", minimum required is "3.5") 
[8.788s] -- Found python_cmake_module: 0.8.1 (/opt/ros/foxy/share/python_cmake_module/cmake)
[8.873s] -- Found PythonLibs: /usr/lib/x86_64-linux-gnu/libpython3.8.so (found suitable version "3.8.10", minimum required is "3.5") 
[8.873s] -- Using PYTHON_EXECUTABLE: /usr/bin/python3
[8.873s] -- Using PYTHON_INCLUDE_DIRS: /usr/include/python3.8
[8.874s] -- Using PYTHON_LIBRARIES: /usr/lib/x86_64-linux-gnu/libpython3.8.so
[8.937s] -- Found PythonExtra: .so  
[9.188s] -- Found ament_cmake_flake8: 0.9.8 (/opt/ros/foxy/share/ament_cmake_flake8/cmake)
[9.203s] -- Found ament_cmake_pep257: 0.9.8 (/opt/ros/foxy/share/ament_cmake_pep257/cmake)
[9.219s] -- Found ament_lint_auto: 0.9.8 (/opt/ros/foxy/share/ament_lint_auto/cmake)
[9.321s] -- Added test 'lint_cmake' to check CMake code style
[9.325s] -- Added test 'xmllint' to check XML markup files
[9.341s] -- Configuring done
[9.631s] -- Generating done
[9.639s] -- Build files have been written to: /home/dafx/ros2_ws/build/webots_ros2_msgs
