[15.578s] DEBUG:colcon:Command line arguments: ['/usr/bin/colcon', 'list', '-p', '--base-paths', '/home/dafx/ros2_ws']
[15.579s] DEBUG:colcon:Parsed command line arguments: Namespace(allow_overriding=[], base_paths=['/home/dafx/ros2_ws'], build_base='build', ignore_user_meta=False, log_base=None, log_level=None, main=<bound method ListVerb.main of <colcon_package_information.verb.list.ListVerb object at 0x7f30c19860d0>>, metas=['./colcon.meta'], names_only=False, packages_above=None, packages_above_and_dependencies=None, packages_above_depth=None, packages_end=None, packages_ignore=None, packages_ignore_regex=None, packages_select=None, packages_select_build_failed=False, packages_select_by_dep=None, packages_select_regex=None, packages_select_test_failures=False, packages_skip=None, packages_skip_build_finished=False, packages_skip_by_dep=None, packages_skip_regex=None, packages_skip_test_passed=False, packages_skip_up_to=None, packages_start=None, packages_up_to=None, packages_up_to_regex=None, paths=None, paths_only=True, topological_graph=False, topological_graph_density=False, topological_graph_dot=False, topological_graph_dot_cluster=False, topological_graph_dot_include_skipped=False, topological_graph_legend=False, topological_order=False, verb_extension=<colcon_package_information.verb.list.ListVerb object at 0x7f30c19860d0>, verb_name='list', verb_parser=<colcon_defaults.argument_parser.defaults.DefaultArgumentsDecorator object at 0x7f30c19922e0>)
[15.841s] Level 1:colcon.colcon_core.package_discovery:discover_packages(colcon_meta) check parameters
[15.841s] Level 1:colcon.colcon_core.package_discovery:discover_packages(recursive) check parameters
[15.841s] Level 1:colcon.colcon_core.package_discovery:discover_packages(ignore) check parameters
[15.841s] Level 1:colcon.colcon_core.package_discovery:discover_packages(path) check parameters
[15.841s] Level 1:colcon.colcon_core.package_discovery:discover_packages(recursive) discover
[15.841s] INFO:colcon.colcon_core.package_discovery:Crawling recursively for packages in '/home/dafx/ros2_ws'
[15.842s] Level 1:colcon.colcon_core.package_identification:_identify(/home/dafx/ros2_ws) by extensions ['ignore', 'ignore_ament_install']
[15.842s] Level 1:colcon.colcon_core.package_identification:_identify(/home/dafx/ros2_ws) by extension 'ignore'
[15.842s] Level 1:colcon.colcon_core.package_identification:_identify(/home/dafx/ros2_ws) by extension 'ignore_ament_install'
[15.842s] Level 1:colcon.colcon_core.package_identification:_identify(/home/dafx/ros2_ws) by extensions ['colcon_pkg']
[15.842s] Level 1:colcon.colcon_core.package_identification:_identify(/home/dafx/ros2_ws) by extension 'colcon_pkg'
[15.842s] Level 1:colcon.colcon_core.package_identification:_identify(/home/dafx/ros2_ws) by extensions ['colcon_meta']
[15.842s] Level 1:colcon.colcon_core.package_identification:_identify(/home/dafx/ros2_ws) by extension 'colcon_meta'
[15.842s] Level 1:colcon.colcon_core.package_identification:_identify(/home/dafx/ros2_ws) by extensions ['ros']
[15.842s] Level 1:colcon.colcon_core.package_identification:_identify(/home/dafx/ros2_ws) by extension 'ros'
[15.864s] Level 1:colcon.colcon_core.package_identification:_identify(/home/dafx/ros2_ws) by extensions ['cmake', 'python']
[15.864s] Level 1:colcon.colcon_core.package_identification:_identify(/home/dafx/ros2_ws) by extension 'cmake'
[15.864s] Level 1:colcon.colcon_core.package_identification:_identify(/home/dafx/ros2_ws) by extension 'python'
[15.864s] Level 1:colcon.colcon_core.package_identification:_identify(/home/dafx/ros2_ws) by extensions ['python_setup_py']
[15.864s] Level 1:colcon.colcon_core.package_identification:_identify(/home/dafx/ros2_ws) by extension 'python_setup_py'
[15.864s] Level 1:colcon.colcon_core.package_identification:_identify(/home/dafx/ros2_ws/build) by extensions ['ignore', 'ignore_ament_install']
[15.865s] Level 1:colcon.colcon_core.package_identification:_identify(/home/dafx/ros2_ws/build) by extension 'ignore'
[15.865s] Level 1:colcon.colcon_core.package_identification:_identify(/home/dafx/ros2_ws/build) ignored
[15.865s] Level 1:colcon.colcon_core.package_identification:_identify(/home/dafx/ros2_ws/install) by extensions ['ignore', 'ignore_ament_install']
[15.865s] Level 1:colcon.colcon_core.package_identification:_identify(/home/dafx/ros2_ws/install) by extension 'ignore'
[15.866s] Level 1:colcon.colcon_core.package_identification:_identify(/home/dafx/ros2_ws/install) ignored
[15.866s] Level 1:colcon.colcon_core.package_identification:_identify(/home/dafx/ros2_ws/log) by extensions ['ignore', 'ignore_ament_install']
[15.866s] Level 1:colcon.colcon_core.package_identification:_identify(/home/dafx/ros2_ws/log) by extension 'ignore'
[15.866s] Level 1:colcon.colcon_core.package_identification:_identify(/home/dafx/ros2_ws/log) ignored
[15.866s] Level 1:colcon.colcon_core.package_identification:_identify(/home/dafx/ros2_ws/src) by extensions ['ignore', 'ignore_ament_install']
[15.866s] Level 1:colcon.colcon_core.package_identification:_identify(/home/dafx/ros2_ws/src) by extension 'ignore'
[15.867s] Level 1:colcon.colcon_core.package_identification:_identify(/home/dafx/ros2_ws/src) by extension 'ignore_ament_install'
[15.867s] Level 1:colcon.colcon_core.package_identification:_identify(/home/dafx/ros2_ws/src) by extensions ['colcon_pkg']
[15.867s] Level 1:colcon.colcon_core.package_identification:_identify(/home/dafx/ros2_ws/src) by extension 'colcon_pkg'
[15.867s] Level 1:colcon.colcon_core.package_identification:_identify(/home/dafx/ros2_ws/src) by extensions ['colcon_meta']
[15.867s] Level 1:colcon.colcon_core.package_identification:_identify(/home/dafx/ros2_ws/src) by extension 'colcon_meta'
[15.867s] Level 1:colcon.colcon_core.package_identification:_identify(/home/dafx/ros2_ws/src) by extensions ['ros']
[15.867s] Level 1:colcon.colcon_core.package_identification:_identify(/home/dafx/ros2_ws/src) by extension 'ros'
[15.867s] Level 1:colcon.colcon_core.package_identification:_identify(/home/dafx/ros2_ws/src) by extensions ['cmake', 'python']
[15.867s] Level 1:colcon.colcon_core.package_identification:_identify(/home/dafx/ros2_ws/src) by extension 'cmake'
[15.867s] Level 1:colcon.colcon_core.package_identification:_identify(/home/dafx/ros2_ws/src) by extension 'python'
[15.867s] Level 1:colcon.colcon_core.package_identification:_identify(/home/dafx/ros2_ws/src) by extensions ['python_setup_py']
[15.868s] Level 1:colcon.colcon_core.package_identification:_identify(/home/dafx/ros2_ws/src) by extension 'python_setup_py'
[15.868s] Level 1:colcon.colcon_core.package_identification:_identify(/home/dafx/ros2_ws/src/my_robot_controller) by extensions ['ignore', 'ignore_ament_install']
[15.868s] Level 1:colcon.colcon_core.package_identification:_identify(/home/dafx/ros2_ws/src/my_robot_controller) by extension 'ignore'
[15.868s] Level 1:colcon.colcon_core.package_identification:_identify(/home/dafx/ros2_ws/src/my_robot_controller) by extension 'ignore_ament_install'
[15.869s] Level 1:colcon.colcon_core.package_identification:_identify(/home/dafx/ros2_ws/src/my_robot_controller) by extensions ['colcon_pkg']
[15.869s] Level 1:colcon.colcon_core.package_identification:_identify(/home/dafx/ros2_ws/src/my_robot_controller) by extension 'colcon_pkg'
[15.869s] Level 1:colcon.colcon_core.package_identification:_identify(/home/dafx/ros2_ws/src/my_robot_controller) by extensions ['colcon_meta']
[15.869s] Level 1:colcon.colcon_core.package_identification:_identify(/home/dafx/ros2_ws/src/my_robot_controller) by extension 'colcon_meta'
[15.869s] Level 1:colcon.colcon_core.package_identification:_identify(/home/dafx/ros2_ws/src/my_robot_controller) by extensions ['ros']
[15.869s] Level 1:colcon.colcon_core.package_identification:_identify(/home/dafx/ros2_ws/src/my_robot_controller) by extension 'ros'
[15.875s] DEBUG:colcon.colcon_core.package_identification:Package '/home/dafx/ros2_ws/src/my_robot_controller' with type 'ros.ament_python' and name 'my_robot_controller'
[15.875s] Level 1:colcon.colcon_core.package_identification:_identify(/home/dafx/ros2_ws/src/webots_ros2) by extensions ['ignore', 'ignore_ament_install']
[15.875s] Level 1:colcon.colcon_core.package_identification:_identify(/home/dafx/ros2_ws/src/webots_ros2) by extension 'ignore'
[15.875s] Level 1:colcon.colcon_core.package_identification:_identify(/home/dafx/ros2_ws/src/webots_ros2) by extension 'ignore_ament_install'
[15.875s] Level 1:colcon.colcon_core.package_identification:_identify(/home/dafx/ros2_ws/src/webots_ros2) by extensions ['colcon_pkg']
[15.875s] Level 1:colcon.colcon_core.package_identification:_identify(/home/dafx/ros2_ws/src/webots_ros2) by extension 'colcon_pkg'
[15.875s] Level 1:colcon.colcon_core.package_identification:_identify(/home/dafx/ros2_ws/src/webots_ros2) by extensions ['colcon_meta']
[15.875s] Level 1:colcon.colcon_core.package_identification:_identify(/home/dafx/ros2_ws/src/webots_ros2) by extension 'colcon_meta'
[15.876s] Level 1:colcon.colcon_core.package_identification:_identify(/home/dafx/ros2_ws/src/webots_ros2) by extensions ['ros']
[15.876s] Level 1:colcon.colcon_core.package_identification:_identify(/home/dafx/ros2_ws/src/webots_ros2) by extension 'ros'
[15.876s] Level 1:colcon.colcon_core.package_identification:_identify(/home/dafx/ros2_ws/src/webots_ros2) by extensions ['cmake', 'python']
[15.876s] Level 1:colcon.colcon_core.package_identification:_identify(/home/dafx/ros2_ws/src/webots_ros2) by extension 'cmake'
[15.876s] Level 1:colcon.colcon_core.package_identification:_identify(/home/dafx/ros2_ws/src/webots_ros2) by extension 'python'
[15.876s] Level 1:colcon.colcon_core.package_identification:_identify(/home/dafx/ros2_ws/src/webots_ros2) by extensions ['python_setup_py']
[15.876s] Level 1:colcon.colcon_core.package_identification:_identify(/home/dafx/ros2_ws/src/webots_ros2) by extension 'python_setup_py'
[15.876s] Level 1:colcon.colcon_core.package_identification:_identify(/home/dafx/ros2_ws/src/webots_ros2/images) by extensions ['ignore', 'ignore_ament_install']
[15.877s] Level 1:colcon.colcon_core.package_identification:_identify(/home/dafx/ros2_ws/src/webots_ros2/images) by extension 'ignore'
[15.877s] Level 1:colcon.colcon_core.package_identification:_identify(/home/dafx/ros2_ws/src/webots_ros2/images) by extension 'ignore_ament_install'
[15.877s] Level 1:colcon.colcon_core.package_identification:_identify(/home/dafx/ros2_ws/src/webots_ros2/images) by extensions ['colcon_pkg']
[15.877s] Level 1:colcon.colcon_core.package_identification:_identify(/home/dafx/ros2_ws/src/webots_ros2/images) by extension 'colcon_pkg'
[15.877s] Level 1:colcon.colcon_core.package_identification:_identify(/home/dafx/ros2_ws/src/webots_ros2/images) by extensions ['colcon_meta']
[15.877s] Level 1:colcon.colcon_core.package_identification:_identify(/home/dafx/ros2_ws/src/webots_ros2/images) by extension 'colcon_meta'
[15.877s] Level 1:colcon.colcon_core.package_identification:_identify(/home/dafx/ros2_ws/src/webots_ros2/images) by extensions ['ros']
[15.877s] Level 1:colcon.colcon_core.package_identification:_identify(/home/dafx/ros2_ws/src/webots_ros2/images) by extension 'ros'
[15.878s] Level 1:colcon.colcon_core.package_identification:_identify(/home/dafx/ros2_ws/src/webots_ros2/images) by extensions ['cmake', 'python']
[15.878s] Level 1:colcon.colcon_core.package_identification:_identify(/home/dafx/ros2_ws/src/webots_ros2/images) by extension 'cmake'
[15.878s] Level 1:colcon.colcon_core.package_identification:_identify(/home/dafx/ros2_ws/src/webots_ros2/images) by extension 'python'
[15.878s] Level 1:colcon.colcon_core.package_identification:_identify(/home/dafx/ros2_ws/src/webots_ros2/images) by extensions ['python_setup_py']
[15.878s] Level 1:colcon.colcon_core.package_identification:_identify(/home/dafx/ros2_ws/src/webots_ros2/images) by extension 'python_setup_py'
[15.878s] Level 1:colcon.colcon_core.package_identification:_identify(/home/dafx/ros2_ws/src/webots_ros2/scripts) by extensions ['ignore', 'ignore_ament_install']
[15.879s] Level 1:colcon.colcon_core.package_identification:_identify(/home/dafx/ros2_ws/src/webots_ros2/scripts) by extension 'ignore'
[15.879s] Level 1:colcon.colcon_core.package_identification:_identify(/home/dafx/ros2_ws/src/webots_ros2/scripts) by extension 'ignore_ament_install'
[15.879s] Level 1:colcon.colcon_core.package_identification:_identify(/home/dafx/ros2_ws/src/webots_ros2/scripts) by extensions ['colcon_pkg']
[15.879s] Level 1:colcon.colcon_core.package_identification:_identify(/home/dafx/ros2_ws/src/webots_ros2/scripts) by extension 'colcon_pkg'
[15.879s] Level 1:colcon.colcon_core.package_identification:_identify(/home/dafx/ros2_ws/src/webots_ros2/scripts) by extensions ['colcon_meta']
[15.879s] Level 1:colcon.colcon_core.package_identification:_identify(/home/dafx/ros2_ws/src/webots_ros2/scripts) by extension 'colcon_meta'
[15.879s] Level 1:colcon.colcon_core.package_identification:_identify(/home/dafx/ros2_ws/src/webots_ros2/scripts) by extensions ['ros']
[15.879s] Level 1:colcon.colcon_core.package_identification:_identify(/home/dafx/ros2_ws/src/webots_ros2/scripts) by extension 'ros'
[15.879s] Level 1:colcon.colcon_core.package_identification:_identify(/home/dafx/ros2_ws/src/webots_ros2/scripts) by extensions ['cmake', 'python']
[15.880s] Level 1:colcon.colcon_core.package_identification:_identify(/home/dafx/ros2_ws/src/webots_ros2/scripts) by extension 'cmake'
[15.880s] Level 1:colcon.colcon_core.package_identification:_identify(/home/dafx/ros2_ws/src/webots_ros2/scripts) by extension 'python'
[15.880s] Level 1:colcon.colcon_core.package_identification:_identify(/home/dafx/ros2_ws/src/webots_ros2/scripts) by extensions ['python_setup_py']
[15.880s] Level 1:colcon.colcon_core.package_identification:_identify(/home/dafx/ros2_ws/src/webots_ros2/scripts) by extension 'python_setup_py'
[15.880s] Level 1:colcon.colcon_core.package_identification:_identify(/home/dafx/ros2_ws/src/webots_ros2/tests) by extensions ['ignore', 'ignore_ament_install']
[15.880s] Level 1:colcon.colcon_core.package_identification:_identify(/home/dafx/ros2_ws/src/webots_ros2/tests) by extension 'ignore'
[15.880s] Level 1:colcon.colcon_core.package_identification:_identify(/home/dafx/ros2_ws/src/webots_ros2/tests) by extension 'ignore_ament_install'
[15.880s] Level 1:colcon.colcon_core.package_identification:_identify(/home/dafx/ros2_ws/src/webots_ros2/tests) by extensions ['colcon_pkg']
[15.880s] Level 1:colcon.colcon_core.package_identification:_identify(/home/dafx/ros2_ws/src/webots_ros2/tests) by extension 'colcon_pkg'
[15.881s] Level 1:colcon.colcon_core.package_identification:_identify(/home/dafx/ros2_ws/src/webots_ros2/tests) by extensions ['colcon_meta']
[15.881s] Level 1:colcon.colcon_core.package_identification:_identify(/home/dafx/ros2_ws/src/webots_ros2/tests) by extension 'colcon_meta'
[15.881s] Level 1:colcon.colcon_core.package_identification:_identify(/home/dafx/ros2_ws/src/webots_ros2/tests) by extensions ['ros']
[15.881s] Level 1:colcon.colcon_core.package_identification:_identify(/home/dafx/ros2_ws/src/webots_ros2/tests) by extension 'ros'
[15.881s] Level 1:colcon.colcon_core.package_identification:_identify(/home/dafx/ros2_ws/src/webots_ros2/tests) by extensions ['cmake', 'python']
[15.881s] Level 1:colcon.colcon_core.package_identification:_identify(/home/dafx/ros2_ws/src/webots_ros2/tests) by extension 'cmake'
[15.881s] Level 1:colcon.colcon_core.package_identification:_identify(/home/dafx/ros2_ws/src/webots_ros2/tests) by extension 'python'
[15.881s] Level 1:colcon.colcon_core.package_identification:_identify(/home/dafx/ros2_ws/src/webots_ros2/tests) by extensions ['python_setup_py']
[15.881s] Level 1:colcon.colcon_core.package_identification:_identify(/home/dafx/ros2_ws/src/webots_ros2/tests) by extension 'python_setup_py'
[15.881s] Level 1:colcon.colcon_core.package_identification:_identify(/home/dafx/ros2_ws/src/webots_ros2/tests/sources) by extensions ['ignore', 'ignore_ament_install']
[15.882s] Level 1:colcon.colcon_core.package_identification:_identify(/home/dafx/ros2_ws/src/webots_ros2/tests/sources) by extension 'ignore'
[15.882s] Level 1:colcon.colcon_core.package_identification:_identify(/home/dafx/ros2_ws/src/webots_ros2/tests/sources) by extension 'ignore_ament_install'
[15.882s] Level 1:colcon.colcon_core.package_identification:_identify(/home/dafx/ros2_ws/src/webots_ros2/tests/sources) by extensions ['colcon_pkg']
[15.882s] Level 1:colcon.colcon_core.package_identification:_identify(/home/dafx/ros2_ws/src/webots_ros2/tests/sources) by extension 'colcon_pkg'
[15.882s] Level 1:colcon.colcon_core.package_identification:_identify(/home/dafx/ros2_ws/src/webots_ros2/tests/sources) by extensions ['colcon_meta']
[15.882s] Level 1:colcon.colcon_core.package_identification:_identify(/home/dafx/ros2_ws/src/webots_ros2/tests/sources) by extension 'colcon_meta'
[15.882s] Level 1:colcon.colcon_core.package_identification:_identify(/home/dafx/ros2_ws/src/webots_ros2/tests/sources) by extensions ['ros']
[15.882s] Level 1:colcon.colcon_core.package_identification:_identify(/home/dafx/ros2_ws/src/webots_ros2/tests/sources) by extension 'ros'
[15.882s] Level 1:colcon.colcon_core.package_identification:_identify(/home/dafx/ros2_ws/src/webots_ros2/tests/sources) by extensions ['cmake', 'python']
[15.882s] Level 1:colcon.colcon_core.package_identification:_identify(/home/dafx/ros2_ws/src/webots_ros2/tests/sources) by extension 'cmake'
[15.882s] Level 1:colcon.colcon_core.package_identification:_identify(/home/dafx/ros2_ws/src/webots_ros2/tests/sources) by extension 'python'
[15.883s] Level 1:colcon.colcon_core.package_identification:_identify(/home/dafx/ros2_ws/src/webots_ros2/tests/sources) by extensions ['python_setup_py']
[15.883s] Level 1:colcon.colcon_core.package_identification:_identify(/home/dafx/ros2_ws/src/webots_ros2/tests/sources) by extension 'python_setup_py'
[15.883s] Level 1:colcon.colcon_core.package_identification:_identify(/home/dafx/ros2_ws/src/webots_ros2/webots_ros2) by extensions ['ignore', 'ignore_ament_install']
[15.883s] Level 1:colcon.colcon_core.package_identification:_identify(/home/dafx/ros2_ws/src/webots_ros2/webots_ros2) by extension 'ignore'
[15.883s] Level 1:colcon.colcon_core.package_identification:_identify(/home/dafx/ros2_ws/src/webots_ros2/webots_ros2) by extension 'ignore_ament_install'
[15.883s] Level 1:colcon.colcon_core.package_identification:_identify(/home/dafx/ros2_ws/src/webots_ros2/webots_ros2) by extensions ['colcon_pkg']
[15.883s] Level 1:colcon.colcon_core.package_identification:_identify(/home/dafx/ros2_ws/src/webots_ros2/webots_ros2) by extension 'colcon_pkg'
[15.883s] Level 1:colcon.colcon_core.package_identification:_identify(/home/dafx/ros2_ws/src/webots_ros2/webots_ros2) by extensions ['colcon_meta']
[15.884s] Level 1:colcon.colcon_core.package_identification:_identify(/home/dafx/ros2_ws/src/webots_ros2/webots_ros2) by extension 'colcon_meta'
[15.884s] Level 1:colcon.colcon_core.package_identification:_identify(/home/dafx/ros2_ws/src/webots_ros2/webots_ros2) by extensions ['ros']
[15.884s] Level 1:colcon.colcon_core.package_identification:_identify(/home/dafx/ros2_ws/src/webots_ros2/webots_ros2) by extension 'ros'
[15.885s] DEBUG:colcon.colcon_core.package_identification:Package '/home/dafx/ros2_ws/src/webots_ros2/webots_ros2' with type 'ros.ament_python' and name 'webots_ros2'
[15.885s] Level 1:colcon.colcon_core.package_identification:_identify(/home/dafx/ros2_ws/src/webots_ros2/webots_ros2_control) by extensions ['ignore', 'ignore_ament_install']
[15.885s] Level 1:colcon.colcon_core.package_identification:_identify(/home/dafx/ros2_ws/src/webots_ros2/webots_ros2_control) by extension 'ignore'
[15.885s] Level 1:colcon.colcon_core.package_identification:_identify(/home/dafx/ros2_ws/src/webots_ros2/webots_ros2_control) by extension 'ignore_ament_install'
[15.886s] Level 1:colcon.colcon_core.package_identification:_identify(/home/dafx/ros2_ws/src/webots_ros2/webots_ros2_control) by extensions ['colcon_pkg']
[15.886s] Level 1:colcon.colcon_core.package_identification:_identify(/home/dafx/ros2_ws/src/webots_ros2/webots_ros2_control) by extension 'colcon_pkg'
[15.886s] Level 1:colcon.colcon_core.package_identification:_identify(/home/dafx/ros2_ws/src/webots_ros2/webots_ros2_control) by extensions ['colcon_meta']
[15.886s] Level 1:colcon.colcon_core.package_identification:_identify(/home/dafx/ros2_ws/src/webots_ros2/webots_ros2_control) by extension 'colcon_meta'
[15.886s] Level 1:colcon.colcon_core.package_identification:_identify(/home/dafx/ros2_ws/src/webots_ros2/webots_ros2_control) by extensions ['ros']
[15.886s] Level 1:colcon.colcon_core.package_identification:_identify(/home/dafx/ros2_ws/src/webots_ros2/webots_ros2_control) by extension 'ros'
[15.888s] DEBUG:colcon.colcon_core.package_identification:Package '/home/dafx/ros2_ws/src/webots_ros2/webots_ros2_control' with type 'ros.ament_cmake' and name 'webots_ros2_control'
[15.888s] Level 1:colcon.colcon_core.package_identification:_identify(/home/dafx/ros2_ws/src/webots_ros2/webots_ros2_driver) by extensions ['ignore', 'ignore_ament_install']
[15.888s] Level 1:colcon.colcon_core.package_identification:_identify(/home/dafx/ros2_ws/src/webots_ros2/webots_ros2_driver) by extension 'ignore'
[15.888s] Level 1:colcon.colcon_core.package_identification:_identify(/home/dafx/ros2_ws/src/webots_ros2/webots_ros2_driver) by extension 'ignore_ament_install'
[15.888s] Level 1:colcon.colcon_core.package_identification:_identify(/home/dafx/ros2_ws/src/webots_ros2/webots_ros2_driver) by extensions ['colcon_pkg']
[15.888s] Level 1:colcon.colcon_core.package_identification:_identify(/home/dafx/ros2_ws/src/webots_ros2/webots_ros2_driver) by extension 'colcon_pkg'
[15.889s] Level 1:colcon.colcon_core.package_identification:_identify(/home/dafx/ros2_ws/src/webots_ros2/webots_ros2_driver) by extensions ['colcon_meta']
[15.889s] Level 1:colcon.colcon_core.package_identification:_identify(/home/dafx/ros2_ws/src/webots_ros2/webots_ros2_driver) by extension 'colcon_meta'
[15.889s] Level 1:colcon.colcon_core.package_identification:_identify(/home/dafx/ros2_ws/src/webots_ros2/webots_ros2_driver) by extensions ['ros']
[15.889s] Level 1:colcon.colcon_core.package_identification:_identify(/home/dafx/ros2_ws/src/webots_ros2/webots_ros2_driver) by extension 'ros'
[15.891s] DEBUG:colcon.colcon_core.package_identification:Package '/home/dafx/ros2_ws/src/webots_ros2/webots_ros2_driver' with type 'ros.ament_cmake' and name 'webots_ros2_driver'
[15.891s] Level 1:colcon.colcon_core.package_identification:_identify(/home/dafx/ros2_ws/src/webots_ros2/webots_ros2_epuck) by extensions ['ignore', 'ignore_ament_install']
[15.892s] Level 1:colcon.colcon_core.package_identification:_identify(/home/dafx/ros2_ws/src/webots_ros2/webots_ros2_epuck) by extension 'ignore'
[15.892s] Level 1:colcon.colcon_core.package_identification:_identify(/home/dafx/ros2_ws/src/webots_ros2/webots_ros2_epuck) by extension 'ignore_ament_install'
[15.892s] Level 1:colcon.colcon_core.package_identification:_identify(/home/dafx/ros2_ws/src/webots_ros2/webots_ros2_epuck) by extensions ['colcon_pkg']
[15.892s] Level 1:colcon.colcon_core.package_identification:_identify(/home/dafx/ros2_ws/src/webots_ros2/webots_ros2_epuck) by extension 'colcon_pkg'
[15.892s] Level 1:colcon.colcon_core.package_identification:_identify(/home/dafx/ros2_ws/src/webots_ros2/webots_ros2_epuck) by extensions ['colcon_meta']
[15.892s] Level 1:colcon.colcon_core.package_identification:_identify(/home/dafx/ros2_ws/src/webots_ros2/webots_ros2_epuck) by extension 'colcon_meta'
[15.892s] Level 1:colcon.colcon_core.package_identification:_identify(/home/dafx/ros2_ws/src/webots_ros2/webots_ros2_epuck) by extensions ['ros']
[15.892s] Level 1:colcon.colcon_core.package_identification:_identify(/home/dafx/ros2_ws/src/webots_ros2/webots_ros2_epuck) by extension 'ros'
[15.893s] DEBUG:colcon.colcon_core.package_identification:Package '/home/dafx/ros2_ws/src/webots_ros2/webots_ros2_epuck' with type 'ros.ament_python' and name 'webots_ros2_epuck'
[15.894s] Level 1:colcon.colcon_core.package_identification:_identify(/home/dafx/ros2_ws/src/webots_ros2/webots_ros2_importer) by extensions ['ignore', 'ignore_ament_install']
[15.894s] Level 1:colcon.colcon_core.package_identification:_identify(/home/dafx/ros2_ws/src/webots_ros2/webots_ros2_importer) by extension 'ignore'
[15.894s] Level 1:colcon.colcon_core.package_identification:_identify(/home/dafx/ros2_ws/src/webots_ros2/webots_ros2_importer) by extension 'ignore_ament_install'
[15.894s] Level 1:colcon.colcon_core.package_identification:_identify(/home/dafx/ros2_ws/src/webots_ros2/webots_ros2_importer) by extensions ['colcon_pkg']
[15.894s] Level 1:colcon.colcon_core.package_identification:_identify(/home/dafx/ros2_ws/src/webots_ros2/webots_ros2_importer) by extension 'colcon_pkg'
[15.894s] Level 1:colcon.colcon_core.package_identification:_identify(/home/dafx/ros2_ws/src/webots_ros2/webots_ros2_importer) by extensions ['colcon_meta']
[15.894s] Level 1:colcon.colcon_core.package_identification:_identify(/home/dafx/ros2_ws/src/webots_ros2/webots_ros2_importer) by extension 'colcon_meta'
[15.894s] Level 1:colcon.colcon_core.package_identification:_identify(/home/dafx/ros2_ws/src/webots_ros2/webots_ros2_importer) by extensions ['ros']
[15.894s] Level 1:colcon.colcon_core.package_identification:_identify(/home/dafx/ros2_ws/src/webots_ros2/webots_ros2_importer) by extension 'ros'
[15.895s] DEBUG:colcon.colcon_core.package_identification:Package '/home/dafx/ros2_ws/src/webots_ros2/webots_ros2_importer' with type 'ros.ament_python' and name 'webots_ros2_importer'
[15.896s] Level 1:colcon.colcon_core.package_identification:_identify(/home/dafx/ros2_ws/src/webots_ros2/webots_ros2_mavic) by extensions ['ignore', 'ignore_ament_install']
[15.896s] Level 1:colcon.colcon_core.package_identification:_identify(/home/dafx/ros2_ws/src/webots_ros2/webots_ros2_mavic) by extension 'ignore'
[15.896s] Level 1:colcon.colcon_core.package_identification:_identify(/home/dafx/ros2_ws/src/webots_ros2/webots_ros2_mavic) by extension 'ignore_ament_install'
[15.896s] Level 1:colcon.colcon_core.package_identification:_identify(/home/dafx/ros2_ws/src/webots_ros2/webots_ros2_mavic) by extensions ['colcon_pkg']
[15.896s] Level 1:colcon.colcon_core.package_identification:_identify(/home/dafx/ros2_ws/src/webots_ros2/webots_ros2_mavic) by extension 'colcon_pkg'
[15.896s] Level 1:colcon.colcon_core.package_identification:_identify(/home/dafx/ros2_ws/src/webots_ros2/webots_ros2_mavic) by extensions ['colcon_meta']
[15.896s] Level 1:colcon.colcon_core.package_identification:_identify(/home/dafx/ros2_ws/src/webots_ros2/webots_ros2_mavic) by extension 'colcon_meta'
[15.896s] Level 1:colcon.colcon_core.package_identification:_identify(/home/dafx/ros2_ws/src/webots_ros2/webots_ros2_mavic) by extensions ['ros']
[15.897s] Level 1:colcon.colcon_core.package_identification:_identify(/home/dafx/ros2_ws/src/webots_ros2/webots_ros2_mavic) by extension 'ros'
[15.897s] DEBUG:colcon.colcon_core.package_identification:Package '/home/dafx/ros2_ws/src/webots_ros2/webots_ros2_mavic' with type 'ros.ament_python' and name 'webots_ros2_mavic'
[15.898s] Level 1:colcon.colcon_core.package_identification:_identify(/home/dafx/ros2_ws/src/webots_ros2/webots_ros2_msgs) by extensions ['ignore', 'ignore_ament_install']
[15.898s] Level 1:colcon.colcon_core.package_identification:_identify(/home/dafx/ros2_ws/src/webots_ros2/webots_ros2_msgs) by extension 'ignore'
[15.898s] Level 1:colcon.colcon_core.package_identification:_identify(/home/dafx/ros2_ws/src/webots_ros2/webots_ros2_msgs) by extension 'ignore_ament_install'
[15.898s] Level 1:colcon.colcon_core.package_identification:_identify(/home/dafx/ros2_ws/src/webots_ros2/webots_ros2_msgs) by extensions ['colcon_pkg']
[15.898s] Level 1:colcon.colcon_core.package_identification:_identify(/home/dafx/ros2_ws/src/webots_ros2/webots_ros2_msgs) by extension 'colcon_pkg'
[15.898s] Level 1:colcon.colcon_core.package_identification:_identify(/home/dafx/ros2_ws/src/webots_ros2/webots_ros2_msgs) by extensions ['colcon_meta']
[15.898s] Level 1:colcon.colcon_core.package_identification:_identify(/home/dafx/ros2_ws/src/webots_ros2/webots_ros2_msgs) by extension 'colcon_meta'
[15.898s] Level 1:colcon.colcon_core.package_identification:_identify(/home/dafx/ros2_ws/src/webots_ros2/webots_ros2_msgs) by extensions ['ros']
[15.898s] Level 1:colcon.colcon_core.package_identification:_identify(/home/dafx/ros2_ws/src/webots_ros2/webots_ros2_msgs) by extension 'ros'
[15.900s] DEBUG:colcon.colcon_core.package_identification:Package '/home/dafx/ros2_ws/src/webots_ros2/webots_ros2_msgs' with type 'ros.ament_cmake' and name 'webots_ros2_msgs'
[15.900s] Level 1:colcon.colcon_core.package_identification:_identify(/home/dafx/ros2_ws/src/webots_ros2/webots_ros2_tesla) by extensions ['ignore', 'ignore_ament_install']
[15.900s] Level 1:colcon.colcon_core.package_identification:_identify(/home/dafx/ros2_ws/src/webots_ros2/webots_ros2_tesla) by extension 'ignore'
[15.900s] Level 1:colcon.colcon_core.package_identification:_identify(/home/dafx/ros2_ws/src/webots_ros2/webots_ros2_tesla) by extension 'ignore_ament_install'
[15.900s] Level 1:colcon.colcon_core.package_identification:_identify(/home/dafx/ros2_ws/src/webots_ros2/webots_ros2_tesla) by extensions ['colcon_pkg']
[15.900s] Level 1:colcon.colcon_core.package_identification:_identify(/home/dafx/ros2_ws/src/webots_ros2/webots_ros2_tesla) by extension 'colcon_pkg'
[15.900s] Level 1:colcon.colcon_core.package_identification:_identify(/home/dafx/ros2_ws/src/webots_ros2/webots_ros2_tesla) by extensions ['colcon_meta']
[15.901s] Level 1:colcon.colcon_core.package_identification:_identify(/home/dafx/ros2_ws/src/webots_ros2/webots_ros2_tesla) by extension 'colcon_meta'
[15.901s] Level 1:colcon.colcon_core.package_identification:_identify(/home/dafx/ros2_ws/src/webots_ros2/webots_ros2_tesla) by extensions ['ros']
[15.901s] Level 1:colcon.colcon_core.package_identification:_identify(/home/dafx/ros2_ws/src/webots_ros2/webots_ros2_tesla) by extension 'ros'
[15.902s] DEBUG:colcon.colcon_core.package_identification:Package '/home/dafx/ros2_ws/src/webots_ros2/webots_ros2_tesla' with type 'ros.ament_python' and name 'webots_ros2_tesla'
[15.903s] Level 1:colcon.colcon_core.package_identification:_identify(/home/dafx/ros2_ws/src/webots_ros2/webots_ros2_tests) by extensions ['ignore', 'ignore_ament_install']
[15.903s] Level 1:colcon.colcon_core.package_identification:_identify(/home/dafx/ros2_ws/src/webots_ros2/webots_ros2_tests) by extension 'ignore'
[15.903s] Level 1:colcon.colcon_core.package_identification:_identify(/home/dafx/ros2_ws/src/webots_ros2/webots_ros2_tests) by extension 'ignore_ament_install'
[15.903s] Level 1:colcon.colcon_core.package_identification:_identify(/home/dafx/ros2_ws/src/webots_ros2/webots_ros2_tests) by extensions ['colcon_pkg']
[15.903s] Level 1:colcon.colcon_core.package_identification:_identify(/home/dafx/ros2_ws/src/webots_ros2/webots_ros2_tests) by extension 'colcon_pkg'
[15.903s] Level 1:colcon.colcon_core.package_identification:_identify(/home/dafx/ros2_ws/src/webots_ros2/webots_ros2_tests) by extensions ['colcon_meta']
[15.903s] Level 1:colcon.colcon_core.package_identification:_identify(/home/dafx/ros2_ws/src/webots_ros2/webots_ros2_tests) by extension 'colcon_meta'
[15.903s] Level 1:colcon.colcon_core.package_identification:_identify(/home/dafx/ros2_ws/src/webots_ros2/webots_ros2_tests) by extensions ['ros']
[15.903s] Level 1:colcon.colcon_core.package_identification:_identify(/home/dafx/ros2_ws/src/webots_ros2/webots_ros2_tests) by extension 'ros'
[15.905s] DEBUG:colcon.colcon_core.package_identification:Package '/home/dafx/ros2_ws/src/webots_ros2/webots_ros2_tests' with type 'ros.ament_python' and name 'webots_ros2_tests'
[15.906s] Level 1:colcon.colcon_core.package_identification:_identify(/home/dafx/ros2_ws/src/webots_ros2/webots_ros2_tiago) by extensions ['ignore', 'ignore_ament_install']
[15.906s] Level 1:colcon.colcon_core.package_identification:_identify(/home/dafx/ros2_ws/src/webots_ros2/webots_ros2_tiago) by extension 'ignore'
[15.906s] Level 1:colcon.colcon_core.package_identification:_identify(/home/dafx/ros2_ws/src/webots_ros2/webots_ros2_tiago) by extension 'ignore_ament_install'
[15.906s] Level 1:colcon.colcon_core.package_identification:_identify(/home/dafx/ros2_ws/src/webots_ros2/webots_ros2_tiago) by extensions ['colcon_pkg']
[15.906s] Level 1:colcon.colcon_core.package_identification:_identify(/home/dafx/ros2_ws/src/webots_ros2/webots_ros2_tiago) by extension 'colcon_pkg'
[15.906s] Level 1:colcon.colcon_core.package_identification:_identify(/home/dafx/ros2_ws/src/webots_ros2/webots_ros2_tiago) by extensions ['colcon_meta']
[15.906s] Level 1:colcon.colcon_core.package_identification:_identify(/home/dafx/ros2_ws/src/webots_ros2/webots_ros2_tiago) by extension 'colcon_meta'
[15.907s] Level 1:colcon.colcon_core.package_identification:_identify(/home/dafx/ros2_ws/src/webots_ros2/webots_ros2_tiago) by extensions ['ros']
[15.907s] Level 1:colcon.colcon_core.package_identification:_identify(/home/dafx/ros2_ws/src/webots_ros2/webots_ros2_tiago) by extension 'ros'
[15.908s] DEBUG:colcon.colcon_core.package_identification:Package '/home/dafx/ros2_ws/src/webots_ros2/webots_ros2_tiago' with type 'ros.ament_python' and name 'webots_ros2_tiago'
[15.908s] Level 1:colcon.colcon_core.package_identification:_identify(/home/dafx/ros2_ws/src/webots_ros2/webots_ros2_turtlebot) by extensions ['ignore', 'ignore_ament_install']
[15.908s] Level 1:colcon.colcon_core.package_identification:_identify(/home/dafx/ros2_ws/src/webots_ros2/webots_ros2_turtlebot) by extension 'ignore'
[15.908s] Level 1:colcon.colcon_core.package_identification:_identify(/home/dafx/ros2_ws/src/webots_ros2/webots_ros2_turtlebot) by extension 'ignore_ament_install'
[15.909s] Level 1:colcon.colcon_core.package_identification:_identify(/home/dafx/ros2_ws/src/webots_ros2/webots_ros2_turtlebot) by extensions ['colcon_pkg']
[15.909s] Level 1:colcon.colcon_core.package_identification:_identify(/home/dafx/ros2_ws/src/webots_ros2/webots_ros2_turtlebot) by extension 'colcon_pkg'
[15.909s] Level 1:colcon.colcon_core.package_identification:_identify(/home/dafx/ros2_ws/src/webots_ros2/webots_ros2_turtlebot) by extensions ['colcon_meta']
[15.909s] Level 1:colcon.colcon_core.package_identification:_identify(/home/dafx/ros2_ws/src/webots_ros2/webots_ros2_turtlebot) by extension 'colcon_meta'
[15.909s] Level 1:colcon.colcon_core.package_identification:_identify(/home/dafx/ros2_ws/src/webots_ros2/webots_ros2_turtlebot) by extensions ['ros']
[15.909s] Level 1:colcon.colcon_core.package_identification:_identify(/home/dafx/ros2_ws/src/webots_ros2/webots_ros2_turtlebot) by extension 'ros'
[15.910s] DEBUG:colcon.colcon_core.package_identification:Package '/home/dafx/ros2_ws/src/webots_ros2/webots_ros2_turtlebot' with type 'ros.ament_python' and name 'webots_ros2_turtlebot'
[15.910s] Level 1:colcon.colcon_core.package_identification:_identify(/home/dafx/ros2_ws/src/webots_ros2/webots_ros2_universal_robot) by extensions ['ignore', 'ignore_ament_install']
[15.911s] Level 1:colcon.colcon_core.package_identification:_identify(/home/dafx/ros2_ws/src/webots_ros2/webots_ros2_universal_robot) by extension 'ignore'
[15.911s] Level 1:colcon.colcon_core.package_identification:_identify(/home/dafx/ros2_ws/src/webots_ros2/webots_ros2_universal_robot) by extension 'ignore_ament_install'
[15.911s] Level 1:colcon.colcon_core.package_identification:_identify(/home/dafx/ros2_ws/src/webots_ros2/webots_ros2_universal_robot) by extensions ['colcon_pkg']
[15.911s] Level 1:colcon.colcon_core.package_identification:_identify(/home/dafx/ros2_ws/src/webots_ros2/webots_ros2_universal_robot) by extension 'colcon_pkg'
[15.911s] Level 1:colcon.colcon_core.package_identification:_identify(/home/dafx/ros2_ws/src/webots_ros2/webots_ros2_universal_robot) by extensions ['colcon_meta']
[15.911s] Level 1:colcon.colcon_core.package_identification:_identify(/home/dafx/ros2_ws/src/webots_ros2/webots_ros2_universal_robot) by extension 'colcon_meta'
[15.911s] Level 1:colcon.colcon_core.package_identification:_identify(/home/dafx/ros2_ws/src/webots_ros2/webots_ros2_universal_robot) by extensions ['ros']
[15.911s] Level 1:colcon.colcon_core.package_identification:_identify(/home/dafx/ros2_ws/src/webots_ros2/webots_ros2_universal_robot) by extension 'ros'
[15.914s] DEBUG:colcon.colcon_core.package_identification:Package '/home/dafx/ros2_ws/src/webots_ros2/webots_ros2_universal_robot' with type 'ros.ament_python' and name 'webots_ros2_universal_robot'
[15.914s] Level 1:colcon.colcon_core.package_discovery:discover_packages(recursive) using defaults
