[10.783s] DEBUG:colcon:Command line arguments: ['/usr/bin/colcon', 'list', '-p', '--base-paths', '/home/dafx/ros2_ws']
[10.783s] DEBUG:colcon:Parsed command line arguments: Namespace(allow_overriding=[], base_paths=['/home/dafx/ros2_ws'], build_base='build', ignore_user_meta=False, log_base=None, log_level=None, main=<bound method ListVerb.main of <colcon_package_information.verb.list.ListVerb object at 0x7f7487cd5100>>, metas=['./colcon.meta'], names_only=False, packages_above=None, packages_above_and_dependencies=None, packages_above_depth=None, packages_end=None, packages_ignore=None, packages_ignore_regex=None, packages_select=None, packages_select_build_failed=False, packages_select_by_dep=None, packages_select_regex=None, packages_select_test_failures=False, packages_skip=None, packages_skip_build_finished=False, packages_skip_by_dep=None, packages_skip_regex=None, packages_skip_test_passed=False, packages_skip_up_to=None, packages_start=None, packages_up_to=None, packages_up_to_regex=None, paths=None, paths_only=True, topological_graph=False, topological_graph_density=False, topological_graph_dot=False, topological_graph_dot_cluster=False, topological_graph_dot_include_skipped=False, topological_graph_legend=False, topological_order=False, verb_extension=<colcon_package_information.verb.list.ListVerb object at 0x7f7487cd5100>, verb_name='list', verb_parser=<colcon_defaults.argument_parser.defaults.DefaultArgumentsDecorator object at 0x7f7487ce2310>)
[11.808s] Level 1:colcon.colcon_core.package_discovery:discover_packages(colcon_meta) check parameters
[11.808s] Level 1:colcon.colcon_core.package_discovery:discover_packages(recursive) check parameters
[11.808s] Level 1:colcon.colcon_core.package_discovery:discover_packages(ignore) check parameters
[11.808s] Level 1:colcon.colcon_core.package_discovery:discover_packages(path) check parameters
[11.808s] Level 1:colcon.colcon_core.package_discovery:discover_packages(recursive) discover
[11.808s] INFO:colcon.colcon_core.package_discovery:Crawling recursively for packages in '/home/dafx/ros2_ws'
[11.809s] Level 1:colcon.colcon_core.package_identification:_identify(/home/dafx/ros2_ws) by extensions ['ignore', 'ignore_ament_install']
[11.809s] Level 1:colcon.colcon_core.package_identification:_identify(/home/dafx/ros2_ws) by extension 'ignore'
[11.809s] Level 1:colcon.colcon_core.package_identification:_identify(/home/dafx/ros2_ws) by extension 'ignore_ament_install'
[11.809s] Level 1:colcon.colcon_core.package_identification:_identify(/home/dafx/ros2_ws) by extensions ['colcon_pkg']
[11.809s] Level 1:colcon.colcon_core.package_identification:_identify(/home/dafx/ros2_ws) by extension 'colcon_pkg'
[11.809s] Level 1:colcon.colcon_core.package_identification:_identify(/home/dafx/ros2_ws) by extensions ['colcon_meta']
[11.809s] Level 1:colcon.colcon_core.package_identification:_identify(/home/dafx/ros2_ws) by extension 'colcon_meta'
[11.809s] Level 1:colcon.colcon_core.package_identification:_identify(/home/dafx/ros2_ws) by extensions ['ros']
[11.809s] Level 1:colcon.colcon_core.package_identification:_identify(/home/dafx/ros2_ws) by extension 'ros'
[11.917s] Level 1:colcon.colcon_core.package_identification:_identify(/home/dafx/ros2_ws) by extensions ['cmake', 'python']
[11.918s] Level 1:colcon.colcon_core.package_identification:_identify(/home/dafx/ros2_ws) by extension 'cmake'
[11.918s] Level 1:colcon.colcon_core.package_identification:_identify(/home/dafx/ros2_ws) by extension 'python'
[11.918s] Level 1:colcon.colcon_core.package_identification:_identify(/home/dafx/ros2_ws) by extensions ['python_setup_py']
[11.918s] Level 1:colcon.colcon_core.package_identification:_identify(/home/dafx/ros2_ws) by extension 'python_setup_py'
[11.918s] Level 1:colcon.colcon_core.package_identification:_identify(/home/dafx/ros2_ws/build) by extensions ['ignore', 'ignore_ament_install']
[11.918s] Level 1:colcon.colcon_core.package_identification:_identify(/home/dafx/ros2_ws/build) by extension 'ignore'
[11.918s] Level 1:colcon.colcon_core.package_identification:_identify(/home/dafx/ros2_ws/build) ignored
[11.919s] Level 1:colcon.colcon_core.package_identification:_identify(/home/dafx/ros2_ws/install) by extensions ['ignore', 'ignore_ament_install']
[11.919s] Level 1:colcon.colcon_core.package_identification:_identify(/home/dafx/ros2_ws/install) by extension 'ignore'
[11.919s] Level 1:colcon.colcon_core.package_identification:_identify(/home/dafx/ros2_ws/install) ignored
[11.919s] Level 1:colcon.colcon_core.package_identification:_identify(/home/dafx/ros2_ws/log) by extensions ['ignore', 'ignore_ament_install']
[11.919s] Level 1:colcon.colcon_core.package_identification:_identify(/home/dafx/ros2_ws/log) by extension 'ignore'
[11.919s] Level 1:colcon.colcon_core.package_identification:_identify(/home/dafx/ros2_ws/log) ignored
[11.919s] Level 1:colcon.colcon_core.package_identification:_identify(/home/dafx/ros2_ws/src) by extensions ['ignore', 'ignore_ament_install']
[11.919s] Level 1:colcon.colcon_core.package_identification:_identify(/home/dafx/ros2_ws/src) by extension 'ignore'
[11.919s] Level 1:colcon.colcon_core.package_identification:_identify(/home/dafx/ros2_ws/src) by extension 'ignore_ament_install'
[11.920s] Level 1:colcon.colcon_core.package_identification:_identify(/home/dafx/ros2_ws/src) by extensions ['colcon_pkg']
[11.920s] Level 1:colcon.colcon_core.package_identification:_identify(/home/dafx/ros2_ws/src) by extension 'colcon_pkg'
[11.920s] Level 1:colcon.colcon_core.package_identification:_identify(/home/dafx/ros2_ws/src) by extensions ['colcon_meta']
[11.920s] Level 1:colcon.colcon_core.package_identification:_identify(/home/dafx/ros2_ws/src) by extension 'colcon_meta'
[11.920s] Level 1:colcon.colcon_core.package_identification:_identify(/home/dafx/ros2_ws/src) by extensions ['ros']
[11.920s] Level 1:colcon.colcon_core.package_identification:_identify(/home/dafx/ros2_ws/src) by extension 'ros'
[11.924s] Level 1:colcon.colcon_core.package_identification:_identify(/home/dafx/ros2_ws/src) by extensions ['cmake', 'python']
[11.924s] Level 1:colcon.colcon_core.package_identification:_identify(/home/dafx/ros2_ws/src) by extension 'cmake'
[11.924s] Level 1:colcon.colcon_core.package_identification:_identify(/home/dafx/ros2_ws/src) by extension 'python'
[11.924s] Level 1:colcon.colcon_core.package_identification:_identify(/home/dafx/ros2_ws/src) by extensions ['python_setup_py']
[11.924s] Level 1:colcon.colcon_core.package_identification:_identify(/home/dafx/ros2_ws/src) by extension 'python_setup_py'
[11.924s] Level 1:colcon.colcon_core.package_identification:_identify(/home/dafx/ros2_ws/src/my_robot_controller) by extensions ['ignore', 'ignore_ament_install']
[11.925s] Level 1:colcon.colcon_core.package_identification:_identify(/home/dafx/ros2_ws/src/my_robot_controller) by extension 'ignore'
[11.925s] Level 1:colcon.colcon_core.package_identification:_identify(/home/dafx/ros2_ws/src/my_robot_controller) by extension 'ignore_ament_install'
[11.925s] Level 1:colcon.colcon_core.package_identification:_identify(/home/dafx/ros2_ws/src/my_robot_controller) by extensions ['colcon_pkg']
[11.925s] Level 1:colcon.colcon_core.package_identification:_identify(/home/dafx/ros2_ws/src/my_robot_controller) by extension 'colcon_pkg'
[11.925s] Level 1:colcon.colcon_core.package_identification:_identify(/home/dafx/ros2_ws/src/my_robot_controller) by extensions ['colcon_meta']
[11.925s] Level 1:colcon.colcon_core.package_identification:_identify(/home/dafx/ros2_ws/src/my_robot_controller) by extension 'colcon_meta'
[11.925s] Level 1:colcon.colcon_core.package_identification:_identify(/home/dafx/ros2_ws/src/my_robot_controller) by extensions ['ros']
[11.925s] Level 1:colcon.colcon_core.package_identification:_identify(/home/dafx/ros2_ws/src/my_robot_controller) by extension 'ros'
[11.930s] DEBUG:colcon.colcon_core.package_identification:Package '/home/dafx/ros2_ws/src/my_robot_controller' with type 'ros.ament_python' and name 'my_robot_controller'
[11.930s] Level 1:colcon.colcon_core.package_identification:_identify(/home/dafx/ros2_ws/src/webots_ros2) by extensions ['ignore', 'ignore_ament_install']
[11.930s] Level 1:colcon.colcon_core.package_identification:_identify(/home/dafx/ros2_ws/src/webots_ros2) by extension 'ignore'
[11.930s] Level 1:colcon.colcon_core.package_identification:_identify(/home/dafx/ros2_ws/src/webots_ros2) by extension 'ignore_ament_install'
[11.930s] Level 1:colcon.colcon_core.package_identification:_identify(/home/dafx/ros2_ws/src/webots_ros2) by extensions ['colcon_pkg']
[11.930s] Level 1:colcon.colcon_core.package_identification:_identify(/home/dafx/ros2_ws/src/webots_ros2) by extension 'colcon_pkg'
[11.931s] Level 1:colcon.colcon_core.package_identification:_identify(/home/dafx/ros2_ws/src/webots_ros2) by extensions ['colcon_meta']
[11.931s] Level 1:colcon.colcon_core.package_identification:_identify(/home/dafx/ros2_ws/src/webots_ros2) by extension 'colcon_meta'
[11.931s] Level 1:colcon.colcon_core.package_identification:_identify(/home/dafx/ros2_ws/src/webots_ros2) by extensions ['ros']
[11.931s] Level 1:colcon.colcon_core.package_identification:_identify(/home/dafx/ros2_ws/src/webots_ros2) by extension 'ros'
[11.931s] Level 1:colcon.colcon_core.package_identification:_identify(/home/dafx/ros2_ws/src/webots_ros2) by extensions ['cmake', 'python']
[11.931s] Level 1:colcon.colcon_core.package_identification:_identify(/home/dafx/ros2_ws/src/webots_ros2) by extension 'cmake'
[11.931s] Level 1:colcon.colcon_core.package_identification:_identify(/home/dafx/ros2_ws/src/webots_ros2) by extension 'python'
[11.931s] Level 1:colcon.colcon_core.package_identification:_identify(/home/dafx/ros2_ws/src/webots_ros2) by extensions ['python_setup_py']
[11.931s] Level 1:colcon.colcon_core.package_identification:_identify(/home/dafx/ros2_ws/src/webots_ros2) by extension 'python_setup_py'
[11.932s] Level 1:colcon.colcon_core.package_identification:_identify(/home/dafx/ros2_ws/src/webots_ros2/images) by extensions ['ignore', 'ignore_ament_install']
[11.932s] Level 1:colcon.colcon_core.package_identification:_identify(/home/dafx/ros2_ws/src/webots_ros2/images) by extension 'ignore'
[11.932s] Level 1:colcon.colcon_core.package_identification:_identify(/home/dafx/ros2_ws/src/webots_ros2/images) by extension 'ignore_ament_install'
[11.932s] Level 1:colcon.colcon_core.package_identification:_identify(/home/dafx/ros2_ws/src/webots_ros2/images) by extensions ['colcon_pkg']
[11.932s] Level 1:colcon.colcon_core.package_identification:_identify(/home/dafx/ros2_ws/src/webots_ros2/images) by extension 'colcon_pkg'
[11.932s] Level 1:colcon.colcon_core.package_identification:_identify(/home/dafx/ros2_ws/src/webots_ros2/images) by extensions ['colcon_meta']
[11.932s] Level 1:colcon.colcon_core.package_identification:_identify(/home/dafx/ros2_ws/src/webots_ros2/images) by extension 'colcon_meta'
[11.932s] Level 1:colcon.colcon_core.package_identification:_identify(/home/dafx/ros2_ws/src/webots_ros2/images) by extensions ['ros']
[11.932s] Level 1:colcon.colcon_core.package_identification:_identify(/home/dafx/ros2_ws/src/webots_ros2/images) by extension 'ros'
[11.932s] Level 1:colcon.colcon_core.package_identification:_identify(/home/dafx/ros2_ws/src/webots_ros2/images) by extensions ['cmake', 'python']
[11.932s] Level 1:colcon.colcon_core.package_identification:_identify(/home/dafx/ros2_ws/src/webots_ros2/images) by extension 'cmake'
[11.932s] Level 1:colcon.colcon_core.package_identification:_identify(/home/dafx/ros2_ws/src/webots_ros2/images) by extension 'python'
[11.933s] Level 1:colcon.colcon_core.package_identification:_identify(/home/dafx/ros2_ws/src/webots_ros2/images) by extensions ['python_setup_py']
[11.933s] Level 1:colcon.colcon_core.package_identification:_identify(/home/dafx/ros2_ws/src/webots_ros2/images) by extension 'python_setup_py'
[11.933s] Level 1:colcon.colcon_core.package_identification:_identify(/home/dafx/ros2_ws/src/webots_ros2/scripts) by extensions ['ignore', 'ignore_ament_install']
[11.933s] Level 1:colcon.colcon_core.package_identification:_identify(/home/dafx/ros2_ws/src/webots_ros2/scripts) by extension 'ignore'
[11.933s] Level 1:colcon.colcon_core.package_identification:_identify(/home/dafx/ros2_ws/src/webots_ros2/scripts) by extension 'ignore_ament_install'
[11.933s] Level 1:colcon.colcon_core.package_identification:_identify(/home/dafx/ros2_ws/src/webots_ros2/scripts) by extensions ['colcon_pkg']
[11.933s] Level 1:colcon.colcon_core.package_identification:_identify(/home/dafx/ros2_ws/src/webots_ros2/scripts) by extension 'colcon_pkg'
[11.933s] Level 1:colcon.colcon_core.package_identification:_identify(/home/dafx/ros2_ws/src/webots_ros2/scripts) by extensions ['colcon_meta']
[11.933s] Level 1:colcon.colcon_core.package_identification:_identify(/home/dafx/ros2_ws/src/webots_ros2/scripts) by extension 'colcon_meta'
[11.933s] Level 1:colcon.colcon_core.package_identification:_identify(/home/dafx/ros2_ws/src/webots_ros2/scripts) by extensions ['ros']
[11.933s] Level 1:colcon.colcon_core.package_identification:_identify(/home/dafx/ros2_ws/src/webots_ros2/scripts) by extension 'ros'
[11.934s] Level 1:colcon.colcon_core.package_identification:_identify(/home/dafx/ros2_ws/src/webots_ros2/scripts) by extensions ['cmake', 'python']
[11.934s] Level 1:colcon.colcon_core.package_identification:_identify(/home/dafx/ros2_ws/src/webots_ros2/scripts) by extension 'cmake'
[11.934s] Level 1:colcon.colcon_core.package_identification:_identify(/home/dafx/ros2_ws/src/webots_ros2/scripts) by extension 'python'
[11.934s] Level 1:colcon.colcon_core.package_identification:_identify(/home/dafx/ros2_ws/src/webots_ros2/scripts) by extensions ['python_setup_py']
[11.934s] Level 1:colcon.colcon_core.package_identification:_identify(/home/dafx/ros2_ws/src/webots_ros2/scripts) by extension 'python_setup_py'
[11.934s] Level 1:colcon.colcon_core.package_identification:_identify(/home/dafx/ros2_ws/src/webots_ros2/tests) by extensions ['ignore', 'ignore_ament_install']
[11.934s] Level 1:colcon.colcon_core.package_identification:_identify(/home/dafx/ros2_ws/src/webots_ros2/tests) by extension 'ignore'
[11.934s] Level 1:colcon.colcon_core.package_identification:_identify(/home/dafx/ros2_ws/src/webots_ros2/tests) by extension 'ignore_ament_install'
[11.934s] Level 1:colcon.colcon_core.package_identification:_identify(/home/dafx/ros2_ws/src/webots_ros2/tests) by extensions ['colcon_pkg']
[11.935s] Level 1:colcon.colcon_core.package_identification:_identify(/home/dafx/ros2_ws/src/webots_ros2/tests) by extension 'colcon_pkg'
[11.935s] Level 1:colcon.colcon_core.package_identification:_identify(/home/dafx/ros2_ws/src/webots_ros2/tests) by extensions ['colcon_meta']
[11.935s] Level 1:colcon.colcon_core.package_identification:_identify(/home/dafx/ros2_ws/src/webots_ros2/tests) by extension 'colcon_meta'
[11.935s] Level 1:colcon.colcon_core.package_identification:_identify(/home/dafx/ros2_ws/src/webots_ros2/tests) by extensions ['ros']
[11.935s] Level 1:colcon.colcon_core.package_identification:_identify(/home/dafx/ros2_ws/src/webots_ros2/tests) by extension 'ros'
[11.935s] Level 1:colcon.colcon_core.package_identification:_identify(/home/dafx/ros2_ws/src/webots_ros2/tests) by extensions ['cmake', 'python']
[11.935s] Level 1:colcon.colcon_core.package_identification:_identify(/home/dafx/ros2_ws/src/webots_ros2/tests) by extension 'cmake'
[11.935s] Level 1:colcon.colcon_core.package_identification:_identify(/home/dafx/ros2_ws/src/webots_ros2/tests) by extension 'python'
[11.935s] Level 1:colcon.colcon_core.package_identification:_identify(/home/dafx/ros2_ws/src/webots_ros2/tests) by extensions ['python_setup_py']
[11.935s] Level 1:colcon.colcon_core.package_identification:_identify(/home/dafx/ros2_ws/src/webots_ros2/tests) by extension 'python_setup_py'
[11.936s] Level 1:colcon.colcon_core.package_identification:_identify(/home/dafx/ros2_ws/src/webots_ros2/tests/sources) by extensions ['ignore', 'ignore_ament_install']
[11.936s] Level 1:colcon.colcon_core.package_identification:_identify(/home/dafx/ros2_ws/src/webots_ros2/tests/sources) by extension 'ignore'
[11.936s] Level 1:colcon.colcon_core.package_identification:_identify(/home/dafx/ros2_ws/src/webots_ros2/tests/sources) by extension 'ignore_ament_install'
[11.936s] Level 1:colcon.colcon_core.package_identification:_identify(/home/dafx/ros2_ws/src/webots_ros2/tests/sources) by extensions ['colcon_pkg']
[11.936s] Level 1:colcon.colcon_core.package_identification:_identify(/home/dafx/ros2_ws/src/webots_ros2/tests/sources) by extension 'colcon_pkg'
[11.936s] Level 1:colcon.colcon_core.package_identification:_identify(/home/dafx/ros2_ws/src/webots_ros2/tests/sources) by extensions ['colcon_meta']
[11.936s] Level 1:colcon.colcon_core.package_identification:_identify(/home/dafx/ros2_ws/src/webots_ros2/tests/sources) by extension 'colcon_meta'
[11.936s] Level 1:colcon.colcon_core.package_identification:_identify(/home/dafx/ros2_ws/src/webots_ros2/tests/sources) by extensions ['ros']
[11.936s] Level 1:colcon.colcon_core.package_identification:_identify(/home/dafx/ros2_ws/src/webots_ros2/tests/sources) by extension 'ros'
[11.936s] Level 1:colcon.colcon_core.package_identification:_identify(/home/dafx/ros2_ws/src/webots_ros2/tests/sources) by extensions ['cmake', 'python']
[11.936s] Level 1:colcon.colcon_core.package_identification:_identify(/home/dafx/ros2_ws/src/webots_ros2/tests/sources) by extension 'cmake'
[11.936s] Level 1:colcon.colcon_core.package_identification:_identify(/home/dafx/ros2_ws/src/webots_ros2/tests/sources) by extension 'python'
[11.937s] Level 1:colcon.colcon_core.package_identification:_identify(/home/dafx/ros2_ws/src/webots_ros2/tests/sources) by extensions ['python_setup_py']
[11.937s] Level 1:colcon.colcon_core.package_identification:_identify(/home/dafx/ros2_ws/src/webots_ros2/tests/sources) by extension 'python_setup_py'
[11.937s] Level 1:colcon.colcon_core.package_identification:_identify(/home/dafx/ros2_ws/src/webots_ros2/webots_ros2) by extensions ['ignore', 'ignore_ament_install']
[11.937s] Level 1:colcon.colcon_core.package_identification:_identify(/home/dafx/ros2_ws/src/webots_ros2/webots_ros2) by extension 'ignore'
[11.937s] Level 1:colcon.colcon_core.package_identification:_identify(/home/dafx/ros2_ws/src/webots_ros2/webots_ros2) by extension 'ignore_ament_install'
[11.937s] Level 1:colcon.colcon_core.package_identification:_identify(/home/dafx/ros2_ws/src/webots_ros2/webots_ros2) by extensions ['colcon_pkg']
[11.937s] Level 1:colcon.colcon_core.package_identification:_identify(/home/dafx/ros2_ws/src/webots_ros2/webots_ros2) by extension 'colcon_pkg'
[11.937s] Level 1:colcon.colcon_core.package_identification:_identify(/home/dafx/ros2_ws/src/webots_ros2/webots_ros2) by extensions ['colcon_meta']
[11.937s] Level 1:colcon.colcon_core.package_identification:_identify(/home/dafx/ros2_ws/src/webots_ros2/webots_ros2) by extension 'colcon_meta'
[11.937s] Level 1:colcon.colcon_core.package_identification:_identify(/home/dafx/ros2_ws/src/webots_ros2/webots_ros2) by extensions ['ros']
[11.937s] Level 1:colcon.colcon_core.package_identification:_identify(/home/dafx/ros2_ws/src/webots_ros2/webots_ros2) by extension 'ros'
[11.939s] DEBUG:colcon.colcon_core.package_identification:Package '/home/dafx/ros2_ws/src/webots_ros2/webots_ros2' with type 'ros.ament_python' and name 'webots_ros2'
[11.939s] Level 1:colcon.colcon_core.package_identification:_identify(/home/dafx/ros2_ws/src/webots_ros2/webots_ros2_control) by extensions ['ignore', 'ignore_ament_install']
[11.939s] Level 1:colcon.colcon_core.package_identification:_identify(/home/dafx/ros2_ws/src/webots_ros2/webots_ros2_control) by extension 'ignore'
[11.939s] Level 1:colcon.colcon_core.package_identification:_identify(/home/dafx/ros2_ws/src/webots_ros2/webots_ros2_control) by extension 'ignore_ament_install'
[11.939s] Level 1:colcon.colcon_core.package_identification:_identify(/home/dafx/ros2_ws/src/webots_ros2/webots_ros2_control) by extensions ['colcon_pkg']
[11.939s] Level 1:colcon.colcon_core.package_identification:_identify(/home/dafx/ros2_ws/src/webots_ros2/webots_ros2_control) by extension 'colcon_pkg'
[11.939s] Level 1:colcon.colcon_core.package_identification:_identify(/home/dafx/ros2_ws/src/webots_ros2/webots_ros2_control) by extensions ['colcon_meta']
[11.939s] Level 1:colcon.colcon_core.package_identification:_identify(/home/dafx/ros2_ws/src/webots_ros2/webots_ros2_control) by extension 'colcon_meta'
[11.939s] Level 1:colcon.colcon_core.package_identification:_identify(/home/dafx/ros2_ws/src/webots_ros2/webots_ros2_control) by extensions ['ros']
[11.939s] Level 1:colcon.colcon_core.package_identification:_identify(/home/dafx/ros2_ws/src/webots_ros2/webots_ros2_control) by extension 'ros'
[11.941s] DEBUG:colcon.colcon_core.package_identification:Package '/home/dafx/ros2_ws/src/webots_ros2/webots_ros2_control' with type 'ros.ament_cmake' and name 'webots_ros2_control'
[11.963s] Level 1:colcon.colcon_core.package_identification:_identify(/home/dafx/ros2_ws/src/webots_ros2/webots_ros2_driver) by extensions ['ignore', 'ignore_ament_install']
[11.967s] Level 1:colcon.colcon_core.package_identification:_identify(/home/dafx/ros2_ws/src/webots_ros2/webots_ros2_driver) by extension 'ignore'
[11.969s] Level 1:colcon.colcon_core.package_identification:_identify(/home/dafx/ros2_ws/src/webots_ros2/webots_ros2_driver) by extension 'ignore_ament_install'
[11.969s] Level 1:colcon.colcon_core.package_identification:_identify(/home/dafx/ros2_ws/src/webots_ros2/webots_ros2_driver) by extensions ['colcon_pkg']
[11.969s] Level 1:colcon.colcon_core.package_identification:_identify(/home/dafx/ros2_ws/src/webots_ros2/webots_ros2_driver) by extension 'colcon_pkg'
[11.969s] Level 1:colcon.colcon_core.package_identification:_identify(/home/dafx/ros2_ws/src/webots_ros2/webots_ros2_driver) by extensions ['colcon_meta']
[11.969s] Level 1:colcon.colcon_core.package_identification:_identify(/home/dafx/ros2_ws/src/webots_ros2/webots_ros2_driver) by extension 'colcon_meta'
[11.970s] Level 1:colcon.colcon_core.package_identification:_identify(/home/dafx/ros2_ws/src/webots_ros2/webots_ros2_driver) by extensions ['ros']
[11.970s] Level 1:colcon.colcon_core.package_identification:_identify(/home/dafx/ros2_ws/src/webots_ros2/webots_ros2_driver) by extension 'ros'
[11.972s] DEBUG:colcon.colcon_core.package_identification:Package '/home/dafx/ros2_ws/src/webots_ros2/webots_ros2_driver' with type 'ros.ament_cmake' and name 'webots_ros2_driver'
[11.972s] Level 1:colcon.colcon_core.package_identification:_identify(/home/dafx/ros2_ws/src/webots_ros2/webots_ros2_epuck) by extensions ['ignore', 'ignore_ament_install']
[11.972s] Level 1:colcon.colcon_core.package_identification:_identify(/home/dafx/ros2_ws/src/webots_ros2/webots_ros2_epuck) by extension 'ignore'
[11.973s] Level 1:colcon.colcon_core.package_identification:_identify(/home/dafx/ros2_ws/src/webots_ros2/webots_ros2_epuck) by extension 'ignore_ament_install'
[11.973s] Level 1:colcon.colcon_core.package_identification:_identify(/home/dafx/ros2_ws/src/webots_ros2/webots_ros2_epuck) by extensions ['colcon_pkg']
[11.973s] Level 1:colcon.colcon_core.package_identification:_identify(/home/dafx/ros2_ws/src/webots_ros2/webots_ros2_epuck) by extension 'colcon_pkg'
[11.973s] Level 1:colcon.colcon_core.package_identification:_identify(/home/dafx/ros2_ws/src/webots_ros2/webots_ros2_epuck) by extensions ['colcon_meta']
[11.973s] Level 1:colcon.colcon_core.package_identification:_identify(/home/dafx/ros2_ws/src/webots_ros2/webots_ros2_epuck) by extension 'colcon_meta'
[11.973s] Level 1:colcon.colcon_core.package_identification:_identify(/home/dafx/ros2_ws/src/webots_ros2/webots_ros2_epuck) by extensions ['ros']
[11.973s] Level 1:colcon.colcon_core.package_identification:_identify(/home/dafx/ros2_ws/src/webots_ros2/webots_ros2_epuck) by extension 'ros'
[11.974s] DEBUG:colcon.colcon_core.package_identification:Package '/home/dafx/ros2_ws/src/webots_ros2/webots_ros2_epuck' with type 'ros.ament_python' and name 'webots_ros2_epuck'
[11.974s] Level 1:colcon.colcon_core.package_identification:_identify(/home/dafx/ros2_ws/src/webots_ros2/webots_ros2_importer) by extensions ['ignore', 'ignore_ament_install']
[11.975s] Level 1:colcon.colcon_core.package_identification:_identify(/home/dafx/ros2_ws/src/webots_ros2/webots_ros2_importer) by extension 'ignore'
[11.975s] Level 1:colcon.colcon_core.package_identification:_identify(/home/dafx/ros2_ws/src/webots_ros2/webots_ros2_importer) by extension 'ignore_ament_install'
[11.975s] Level 1:colcon.colcon_core.package_identification:_identify(/home/dafx/ros2_ws/src/webots_ros2/webots_ros2_importer) by extensions ['colcon_pkg']
[11.975s] Level 1:colcon.colcon_core.package_identification:_identify(/home/dafx/ros2_ws/src/webots_ros2/webots_ros2_importer) by extension 'colcon_pkg'
[11.975s] Level 1:colcon.colcon_core.package_identification:_identify(/home/dafx/ros2_ws/src/webots_ros2/webots_ros2_importer) by extensions ['colcon_meta']
[11.975s] Level 1:colcon.colcon_core.package_identification:_identify(/home/dafx/ros2_ws/src/webots_ros2/webots_ros2_importer) by extension 'colcon_meta'
[11.975s] Level 1:colcon.colcon_core.package_identification:_identify(/home/dafx/ros2_ws/src/webots_ros2/webots_ros2_importer) by extensions ['ros']
[11.975s] Level 1:colcon.colcon_core.package_identification:_identify(/home/dafx/ros2_ws/src/webots_ros2/webots_ros2_importer) by extension 'ros'
[11.976s] DEBUG:colcon.colcon_core.package_identification:Package '/home/dafx/ros2_ws/src/webots_ros2/webots_ros2_importer' with type 'ros.ament_python' and name 'webots_ros2_importer'
[11.976s] Level 1:colcon.colcon_core.package_identification:_identify(/home/dafx/ros2_ws/src/webots_ros2/webots_ros2_mavic) by extensions ['ignore', 'ignore_ament_install']
[11.976s] Level 1:colcon.colcon_core.package_identification:_identify(/home/dafx/ros2_ws/src/webots_ros2/webots_ros2_mavic) by extension 'ignore'
[11.976s] Level 1:colcon.colcon_core.package_identification:_identify(/home/dafx/ros2_ws/src/webots_ros2/webots_ros2_mavic) by extension 'ignore_ament_install'
[11.977s] Level 1:colcon.colcon_core.package_identification:_identify(/home/dafx/ros2_ws/src/webots_ros2/webots_ros2_mavic) by extensions ['colcon_pkg']
[11.977s] Level 1:colcon.colcon_core.package_identification:_identify(/home/dafx/ros2_ws/src/webots_ros2/webots_ros2_mavic) by extension 'colcon_pkg'
[11.977s] Level 1:colcon.colcon_core.package_identification:_identify(/home/dafx/ros2_ws/src/webots_ros2/webots_ros2_mavic) by extensions ['colcon_meta']
[11.977s] Level 1:colcon.colcon_core.package_identification:_identify(/home/dafx/ros2_ws/src/webots_ros2/webots_ros2_mavic) by extension 'colcon_meta'
[11.977s] Level 1:colcon.colcon_core.package_identification:_identify(/home/dafx/ros2_ws/src/webots_ros2/webots_ros2_mavic) by extensions ['ros']
[11.977s] Level 1:colcon.colcon_core.package_identification:_identify(/home/dafx/ros2_ws/src/webots_ros2/webots_ros2_mavic) by extension 'ros'
[11.978s] DEBUG:colcon.colcon_core.package_identification:Package '/home/dafx/ros2_ws/src/webots_ros2/webots_ros2_mavic' with type 'ros.ament_python' and name 'webots_ros2_mavic'
[11.978s] Level 1:colcon.colcon_core.package_identification:_identify(/home/dafx/ros2_ws/src/webots_ros2/webots_ros2_msgs) by extensions ['ignore', 'ignore_ament_install']
[11.978s] Level 1:colcon.colcon_core.package_identification:_identify(/home/dafx/ros2_ws/src/webots_ros2/webots_ros2_msgs) by extension 'ignore'
[11.978s] Level 1:colcon.colcon_core.package_identification:_identify(/home/dafx/ros2_ws/src/webots_ros2/webots_ros2_msgs) by extension 'ignore_ament_install'
[11.978s] Level 1:colcon.colcon_core.package_identification:_identify(/home/dafx/ros2_ws/src/webots_ros2/webots_ros2_msgs) by extensions ['colcon_pkg']
[11.978s] Level 1:colcon.colcon_core.package_identification:_identify(/home/dafx/ros2_ws/src/webots_ros2/webots_ros2_msgs) by extension 'colcon_pkg'
[11.978s] Level 1:colcon.colcon_core.package_identification:_identify(/home/dafx/ros2_ws/src/webots_ros2/webots_ros2_msgs) by extensions ['colcon_meta']
[11.978s] Level 1:colcon.colcon_core.package_identification:_identify(/home/dafx/ros2_ws/src/webots_ros2/webots_ros2_msgs) by extension 'colcon_meta'
[11.978s] Level 1:colcon.colcon_core.package_identification:_identify(/home/dafx/ros2_ws/src/webots_ros2/webots_ros2_msgs) by extensions ['ros']
[11.978s] Level 1:colcon.colcon_core.package_identification:_identify(/home/dafx/ros2_ws/src/webots_ros2/webots_ros2_msgs) by extension 'ros'
[11.979s] DEBUG:colcon.colcon_core.package_identification:Package '/home/dafx/ros2_ws/src/webots_ros2/webots_ros2_msgs' with type 'ros.ament_cmake' and name 'webots_ros2_msgs'
[11.980s] Level 1:colcon.colcon_core.package_identification:_identify(/home/dafx/ros2_ws/src/webots_ros2/webots_ros2_tesla) by extensions ['ignore', 'ignore_ament_install']
[11.980s] Level 1:colcon.colcon_core.package_identification:_identify(/home/dafx/ros2_ws/src/webots_ros2/webots_ros2_tesla) by extension 'ignore'
[11.980s] Level 1:colcon.colcon_core.package_identification:_identify(/home/dafx/ros2_ws/src/webots_ros2/webots_ros2_tesla) by extension 'ignore_ament_install'
[11.980s] Level 1:colcon.colcon_core.package_identification:_identify(/home/dafx/ros2_ws/src/webots_ros2/webots_ros2_tesla) by extensions ['colcon_pkg']
[11.980s] Level 1:colcon.colcon_core.package_identification:_identify(/home/dafx/ros2_ws/src/webots_ros2/webots_ros2_tesla) by extension 'colcon_pkg'
[11.980s] Level 1:colcon.colcon_core.package_identification:_identify(/home/dafx/ros2_ws/src/webots_ros2/webots_ros2_tesla) by extensions ['colcon_meta']
[11.980s] Level 1:colcon.colcon_core.package_identification:_identify(/home/dafx/ros2_ws/src/webots_ros2/webots_ros2_tesla) by extension 'colcon_meta'
[11.980s] Level 1:colcon.colcon_core.package_identification:_identify(/home/dafx/ros2_ws/src/webots_ros2/webots_ros2_tesla) by extensions ['ros']
[11.980s] Level 1:colcon.colcon_core.package_identification:_identify(/home/dafx/ros2_ws/src/webots_ros2/webots_ros2_tesla) by extension 'ros'
[11.981s] DEBUG:colcon.colcon_core.package_identification:Package '/home/dafx/ros2_ws/src/webots_ros2/webots_ros2_tesla' with type 'ros.ament_python' and name 'webots_ros2_tesla'
[11.981s] Level 1:colcon.colcon_core.package_identification:_identify(/home/dafx/ros2_ws/src/webots_ros2/webots_ros2_tests) by extensions ['ignore', 'ignore_ament_install']
[11.982s] Level 1:colcon.colcon_core.package_identification:_identify(/home/dafx/ros2_ws/src/webots_ros2/webots_ros2_tests) by extension 'ignore'
[11.982s] Level 1:colcon.colcon_core.package_identification:_identify(/home/dafx/ros2_ws/src/webots_ros2/webots_ros2_tests) by extension 'ignore_ament_install'
[11.982s] Level 1:colcon.colcon_core.package_identification:_identify(/home/dafx/ros2_ws/src/webots_ros2/webots_ros2_tests) by extensions ['colcon_pkg']
[11.982s] Level 1:colcon.colcon_core.package_identification:_identify(/home/dafx/ros2_ws/src/webots_ros2/webots_ros2_tests) by extension 'colcon_pkg'
[11.982s] Level 1:colcon.colcon_core.package_identification:_identify(/home/dafx/ros2_ws/src/webots_ros2/webots_ros2_tests) by extensions ['colcon_meta']
[11.982s] Level 1:colcon.colcon_core.package_identification:_identify(/home/dafx/ros2_ws/src/webots_ros2/webots_ros2_tests) by extension 'colcon_meta'
[11.982s] Level 1:colcon.colcon_core.package_identification:_identify(/home/dafx/ros2_ws/src/webots_ros2/webots_ros2_tests) by extensions ['ros']
[11.982s] Level 1:colcon.colcon_core.package_identification:_identify(/home/dafx/ros2_ws/src/webots_ros2/webots_ros2_tests) by extension 'ros'
[11.983s] DEBUG:colcon.colcon_core.package_identification:Package '/home/dafx/ros2_ws/src/webots_ros2/webots_ros2_tests' with type 'ros.ament_python' and name 'webots_ros2_tests'
[11.983s] Level 1:colcon.colcon_core.package_identification:_identify(/home/dafx/ros2_ws/src/webots_ros2/webots_ros2_tiago) by extensions ['ignore', 'ignore_ament_install']
[11.983s] Level 1:colcon.colcon_core.package_identification:_identify(/home/dafx/ros2_ws/src/webots_ros2/webots_ros2_tiago) by extension 'ignore'
[11.983s] Level 1:colcon.colcon_core.package_identification:_identify(/home/dafx/ros2_ws/src/webots_ros2/webots_ros2_tiago) by extension 'ignore_ament_install'
[11.983s] Level 1:colcon.colcon_core.package_identification:_identify(/home/dafx/ros2_ws/src/webots_ros2/webots_ros2_tiago) by extensions ['colcon_pkg']
[11.984s] Level 1:colcon.colcon_core.package_identification:_identify(/home/dafx/ros2_ws/src/webots_ros2/webots_ros2_tiago) by extension 'colcon_pkg'
[11.984s] Level 1:colcon.colcon_core.package_identification:_identify(/home/dafx/ros2_ws/src/webots_ros2/webots_ros2_tiago) by extensions ['colcon_meta']
[11.984s] Level 1:colcon.colcon_core.package_identification:_identify(/home/dafx/ros2_ws/src/webots_ros2/webots_ros2_tiago) by extension 'colcon_meta'
[11.984s] Level 1:colcon.colcon_core.package_identification:_identify(/home/dafx/ros2_ws/src/webots_ros2/webots_ros2_tiago) by extensions ['ros']
[11.984s] Level 1:colcon.colcon_core.package_identification:_identify(/home/dafx/ros2_ws/src/webots_ros2/webots_ros2_tiago) by extension 'ros'
[11.985s] DEBUG:colcon.colcon_core.package_identification:Package '/home/dafx/ros2_ws/src/webots_ros2/webots_ros2_tiago' with type 'ros.ament_python' and name 'webots_ros2_tiago'
[11.985s] Level 1:colcon.colcon_core.package_identification:_identify(/home/dafx/ros2_ws/src/webots_ros2/webots_ros2_turtlebot) by extensions ['ignore', 'ignore_ament_install']
[11.985s] Level 1:colcon.colcon_core.package_identification:_identify(/home/dafx/ros2_ws/src/webots_ros2/webots_ros2_turtlebot) by extension 'ignore'
[11.985s] Level 1:colcon.colcon_core.package_identification:_identify(/home/dafx/ros2_ws/src/webots_ros2/webots_ros2_turtlebot) by extension 'ignore_ament_install'
[11.985s] Level 1:colcon.colcon_core.package_identification:_identify(/home/dafx/ros2_ws/src/webots_ros2/webots_ros2_turtlebot) by extensions ['colcon_pkg']
[11.985s] Level 1:colcon.colcon_core.package_identification:_identify(/home/dafx/ros2_ws/src/webots_ros2/webots_ros2_turtlebot) by extension 'colcon_pkg'
[11.985s] Level 1:colcon.colcon_core.package_identification:_identify(/home/dafx/ros2_ws/src/webots_ros2/webots_ros2_turtlebot) by extensions ['colcon_meta']
[11.985s] Level 1:colcon.colcon_core.package_identification:_identify(/home/dafx/ros2_ws/src/webots_ros2/webots_ros2_turtlebot) by extension 'colcon_meta'
[11.986s] Level 1:colcon.colcon_core.package_identification:_identify(/home/dafx/ros2_ws/src/webots_ros2/webots_ros2_turtlebot) by extensions ['ros']
[11.986s] Level 1:colcon.colcon_core.package_identification:_identify(/home/dafx/ros2_ws/src/webots_ros2/webots_ros2_turtlebot) by extension 'ros'
[11.986s] DEBUG:colcon.colcon_core.package_identification:Package '/home/dafx/ros2_ws/src/webots_ros2/webots_ros2_turtlebot' with type 'ros.ament_python' and name 'webots_ros2_turtlebot'
[11.987s] Level 1:colcon.colcon_core.package_identification:_identify(/home/dafx/ros2_ws/src/webots_ros2/webots_ros2_universal_robot) by extensions ['ignore', 'ignore_ament_install']
[11.987s] Level 1:colcon.colcon_core.package_identification:_identify(/home/dafx/ros2_ws/src/webots_ros2/webots_ros2_universal_robot) by extension 'ignore'
[11.987s] Level 1:colcon.colcon_core.package_identification:_identify(/home/dafx/ros2_ws/src/webots_ros2/webots_ros2_universal_robot) by extension 'ignore_ament_install'
[11.987s] Level 1:colcon.colcon_core.package_identification:_identify(/home/dafx/ros2_ws/src/webots_ros2/webots_ros2_universal_robot) by extensions ['colcon_pkg']
[11.987s] Level 1:colcon.colcon_core.package_identification:_identify(/home/dafx/ros2_ws/src/webots_ros2/webots_ros2_universal_robot) by extension 'colcon_pkg'
[11.987s] Level 1:colcon.colcon_core.package_identification:_identify(/home/dafx/ros2_ws/src/webots_ros2/webots_ros2_universal_robot) by extensions ['colcon_meta']
[11.987s] Level 1:colcon.colcon_core.package_identification:_identify(/home/dafx/ros2_ws/src/webots_ros2/webots_ros2_universal_robot) by extension 'colcon_meta'
[11.987s] Level 1:colcon.colcon_core.package_identification:_identify(/home/dafx/ros2_ws/src/webots_ros2/webots_ros2_universal_robot) by extensions ['ros']
[11.987s] Level 1:colcon.colcon_core.package_identification:_identify(/home/dafx/ros2_ws/src/webots_ros2/webots_ros2_universal_robot) by extension 'ros'
[11.989s] DEBUG:colcon.colcon_core.package_identification:Package '/home/dafx/ros2_ws/src/webots_ros2/webots_ros2_universal_robot' with type 'ros.ament_python' and name 'webots_ros2_universal_robot'
[11.990s] Level 1:colcon.colcon_core.package_discovery:discover_packages(recursive) using defaults
