[0.985s] Invoking command in '/home/byc/ros2_ws/build/my_robot_controller': PYTHONPATH=/home/byc/ros2_ws/build/my_robot_controller/prefix_override:/home/byc/ros2_ws/install/my_robot_controller/lib/python3.8/site-packages:${PYTHONPATH} /usr/bin/python3 setup.py develop --editable --build-directory /home/byc/ros2_ws/build/my_robot_controller/build --no-deps install_data
[1.160s] /home/byc/.local/lib/python3.8/site-packages/setuptools/dist.py:717: UserWarning: Usage of dash-separated 'script-dir' will not be supported in future versions. Please use the underscore name 'script_dir' instead
[1.161s]   warnings.warn(
[1.201s] running develop
[1.303s] running egg_info
[1.304s] writing my_robot_controller.egg-info/PKG-INFO
[1.305s] writing dependency_links to my_robot_controller.egg-info/dependency_links.txt
[1.306s] writing entry points to my_robot_controller.egg-info/entry_points.txt
[1.307s] writing requirements to my_robot_controller.egg-info/requires.txt
[1.307s] writing top-level names to my_robot_controller.egg-info/top_level.txt
[1.315s] reading manifest file 'my_robot_controller.egg-info/SOURCES.txt'
[1.316s] writing manifest file 'my_robot_controller.egg-info/SOURCES.txt'
[1.342s] running build_ext
[1.342s] Creating /home/byc/ros2_ws/install/my_robot_controller/lib/python3.8/site-packages/my-robot-controller.egg-link (link to .)
[1.343s] Installing draw_circle script to /home/byc/ros2_ws/install/my_robot_controller/lib/my_robot_controller
[1.344s] Installing test_node script to /home/byc/ros2_ws/install/my_robot_controller/lib/my_robot_controller
[1.344s] 
[1.344s] Installed /home/byc/ros2_ws/build/my_robot_controller
[1.344s] running install_data
[1.344s] copying package.xml -> /home/byc/ros2_ws/install/my_robot_controller/share/my_robot_controller
[1.406s] Invoked command in '/home/byc/ros2_ws/build/my_robot_controller' returned '0': PYTHONPATH=/home/byc/ros2_ws/build/my_robot_controller/prefix_override:/home/byc/ros2_ws/install/my_robot_controller/lib/python3.8/site-packages:${PYTHONPATH} /usr/bin/python3 setup.py develop --editable --build-directory /home/byc/ros2_ws/build/my_robot_controller/build --no-deps install_data
