[11.333s] DEBUG:colcon:Command line arguments: ['/usr/bin/colcon', 'list', '-p', '--base-paths', '/home/dafx/ros2_ws']
[11.333s] DEBUG:colcon:Parsed command line arguments: Namespace(allow_overriding=[], base_paths=['/home/dafx/ros2_ws'], build_base='build', ignore_user_meta=False, log_base=None, log_level=None, main=<bound method ListVerb.main of <colcon_package_information.verb.list.ListVerb object at 0x7fc29601c580>>, metas=['./colcon.meta'], names_only=False, packages_above=None, packages_above_and_dependencies=None, packages_above_depth=None, packages_end=None, packages_ignore=None, packages_ignore_regex=None, packages_select=None, packages_select_build_failed=False, packages_select_by_dep=None, packages_select_regex=None, packages_select_test_failures=False, packages_skip=None, packages_skip_build_finished=False, packages_skip_by_dep=None, packages_skip_regex=None, packages_skip_test_passed=False, packages_skip_up_to=None, packages_start=None, packages_up_to=None, packages_up_to_regex=None, paths=None, paths_only=True, topological_graph=False, topological_graph_density=False, topological_graph_dot=False, topological_graph_dot_cluster=False, topological_graph_dot_include_skipped=False, topological_graph_legend=False, topological_order=False, verb_extension=<colcon_package_information.verb.list.ListVerb object at 0x7fc29601c580>, verb_name='list', verb_parser=<colcon_defaults.argument_parser.defaults.DefaultArgumentsDecorator object at 0x7fc296025760>)
[11.572s] Level 1:colcon.colcon_core.package_discovery:discover_packages(colcon_meta) check parameters
[11.572s] Level 1:colcon.colcon_core.package_discovery:discover_packages(recursive) check parameters
[11.572s] Level 1:colcon.colcon_core.package_discovery:discover_packages(ignore) check parameters
[11.572s] Level 1:colcon.colcon_core.package_discovery:discover_packages(path) check parameters
[11.572s] Level 1:colcon.colcon_core.package_discovery:discover_packages(recursive) discover
[11.573s] INFO:colcon.colcon_core.package_discovery:Crawling recursively for packages in '/home/dafx/ros2_ws'
[11.573s] Level 1:colcon.colcon_core.package_identification:_identify(/home/dafx/ros2_ws) by extensions ['ignore', 'ignore_ament_install']
[11.573s] Level 1:colcon.colcon_core.package_identification:_identify(/home/dafx/ros2_ws) by extension 'ignore'
[11.573s] Level 1:colcon.colcon_core.package_identification:_identify(/home/dafx/ros2_ws) by extension 'ignore_ament_install'
[11.573s] Level 1:colcon.colcon_core.package_identification:_identify(/home/dafx/ros2_ws) by extensions ['colcon_pkg']
[11.574s] Level 1:colcon.colcon_core.package_identification:_identify(/home/dafx/ros2_ws) by extension 'colcon_pkg'
[11.574s] Level 1:colcon.colcon_core.package_identification:_identify(/home/dafx/ros2_ws) by extensions ['colcon_meta']
[11.574s] Level 1:colcon.colcon_core.package_identification:_identify(/home/dafx/ros2_ws) by extension 'colcon_meta'
[11.574s] Level 1:colcon.colcon_core.package_identification:_identify(/home/dafx/ros2_ws) by extensions ['ros']
[11.574s] Level 1:colcon.colcon_core.package_identification:_identify(/home/dafx/ros2_ws) by extension 'ros'
[11.599s] Level 1:colcon.colcon_core.package_identification:_identify(/home/dafx/ros2_ws) by extensions ['cmake', 'python']
[11.599s] Level 1:colcon.colcon_core.package_identification:_identify(/home/dafx/ros2_ws) by extension 'cmake'
[11.599s] Level 1:colcon.colcon_core.package_identification:_identify(/home/dafx/ros2_ws) by extension 'python'
[11.600s] Level 1:colcon.colcon_core.package_identification:_identify(/home/dafx/ros2_ws) by extensions ['python_setup_py']
[11.600s] Level 1:colcon.colcon_core.package_identification:_identify(/home/dafx/ros2_ws) by extension 'python_setup_py'
[11.600s] Level 1:colcon.colcon_core.package_identification:_identify(/home/dafx/ros2_ws/build) by extensions ['ignore', 'ignore_ament_install']
[11.600s] Level 1:colcon.colcon_core.package_identification:_identify(/home/dafx/ros2_ws/build) by extension 'ignore'
[11.600s] Level 1:colcon.colcon_core.package_identification:_identify(/home/dafx/ros2_ws/build) ignored
[11.601s] Level 1:colcon.colcon_core.package_identification:_identify(/home/dafx/ros2_ws/install) by extensions ['ignore', 'ignore_ament_install']
[11.601s] Level 1:colcon.colcon_core.package_identification:_identify(/home/dafx/ros2_ws/install) by extension 'ignore'
[11.601s] Level 1:colcon.colcon_core.package_identification:_identify(/home/dafx/ros2_ws/install) ignored
[11.601s] Level 1:colcon.colcon_core.package_identification:_identify(/home/dafx/ros2_ws/log) by extensions ['ignore', 'ignore_ament_install']
[11.601s] Level 1:colcon.colcon_core.package_identification:_identify(/home/dafx/ros2_ws/log) by extension 'ignore'
[11.601s] Level 1:colcon.colcon_core.package_identification:_identify(/home/dafx/ros2_ws/log) ignored
[11.602s] Level 1:colcon.colcon_core.package_identification:_identify(/home/dafx/ros2_ws/src) by extensions ['ignore', 'ignore_ament_install']
[11.602s] Level 1:colcon.colcon_core.package_identification:_identify(/home/dafx/ros2_ws/src) by extension 'ignore'
[11.602s] Level 1:colcon.colcon_core.package_identification:_identify(/home/dafx/ros2_ws/src) by extension 'ignore_ament_install'
[11.602s] Level 1:colcon.colcon_core.package_identification:_identify(/home/dafx/ros2_ws/src) by extensions ['colcon_pkg']
[11.602s] Level 1:colcon.colcon_core.package_identification:_identify(/home/dafx/ros2_ws/src) by extension 'colcon_pkg'
[11.602s] Level 1:colcon.colcon_core.package_identification:_identify(/home/dafx/ros2_ws/src) by extensions ['colcon_meta']
[11.602s] Level 1:colcon.colcon_core.package_identification:_identify(/home/dafx/ros2_ws/src) by extension 'colcon_meta'
[11.602s] Level 1:colcon.colcon_core.package_identification:_identify(/home/dafx/ros2_ws/src) by extensions ['ros']
[11.602s] Level 1:colcon.colcon_core.package_identification:_identify(/home/dafx/ros2_ws/src) by extension 'ros'
[11.602s] Level 1:colcon.colcon_core.package_identification:_identify(/home/dafx/ros2_ws/src) by extensions ['cmake', 'python']
[11.602s] Level 1:colcon.colcon_core.package_identification:_identify(/home/dafx/ros2_ws/src) by extension 'cmake'
[11.602s] Level 1:colcon.colcon_core.package_identification:_identify(/home/dafx/ros2_ws/src) by extension 'python'
[11.602s] Level 1:colcon.colcon_core.package_identification:_identify(/home/dafx/ros2_ws/src) by extensions ['python_setup_py']
[11.603s] Level 1:colcon.colcon_core.package_identification:_identify(/home/dafx/ros2_ws/src) by extension 'python_setup_py'
[11.603s] Level 1:colcon.colcon_core.package_identification:_identify(/home/dafx/ros2_ws/src/my_robot_controller) by extensions ['ignore', 'ignore_ament_install']
[11.603s] Level 1:colcon.colcon_core.package_identification:_identify(/home/dafx/ros2_ws/src/my_robot_controller) by extension 'ignore'
[11.603s] Level 1:colcon.colcon_core.package_identification:_identify(/home/dafx/ros2_ws/src/my_robot_controller) by extension 'ignore_ament_install'
[11.603s] Level 1:colcon.colcon_core.package_identification:_identify(/home/dafx/ros2_ws/src/my_robot_controller) by extensions ['colcon_pkg']
[11.603s] Level 1:colcon.colcon_core.package_identification:_identify(/home/dafx/ros2_ws/src/my_robot_controller) by extension 'colcon_pkg'
[11.603s] Level 1:colcon.colcon_core.package_identification:_identify(/home/dafx/ros2_ws/src/my_robot_controller) by extensions ['colcon_meta']
[11.603s] Level 1:colcon.colcon_core.package_identification:_identify(/home/dafx/ros2_ws/src/my_robot_controller) by extension 'colcon_meta'
[11.603s] Level 1:colcon.colcon_core.package_identification:_identify(/home/dafx/ros2_ws/src/my_robot_controller) by extensions ['ros']
[11.603s] Level 1:colcon.colcon_core.package_identification:_identify(/home/dafx/ros2_ws/src/my_robot_controller) by extension 'ros'
[11.608s] DEBUG:colcon.colcon_core.package_identification:Package '/home/dafx/ros2_ws/src/my_robot_controller' with type 'ros.ament_python' and name 'my_robot_controller'
[11.609s] Level 1:colcon.colcon_core.package_discovery:discover_packages(recursive) using defaults
